#
# A fatal error has been detected by the Java Runtime Environment:
#
#  EXCEPTION_ACCESS_VIOLATION (0xc0000005) at pc=0x00007ffa65378e1d, pid=6300, tid=15196
#
# JRE version: OpenJDK Runtime Environment Temurin-21.0.10+7 (21.0.10+7) (build 21.0.10+7-LTS)
# Java VM: OpenJDK 64-Bit Server VM Temurin-21.0.10+7 (21.0.10+7-LTS, mixed mode, sharing, tiered, compressed oops, compressed class ptrs, g1 gc, windows-amd64)
# Problematic frame:
# C  [igxelpicd64.dll+0x3b8e1d]
#
# No core dump will be written. Minidumps are not enabled by default on client versions of Windows
#
# If you would like to submit a bug report, please visit:
#   https://github.com/adoptium/adoptium-support/issues
# The crash happened outside the Java Virtual Machine in native code.
# See problematic frame for where to report the bug.
#

---------------  S U M M A R Y ------------

Command Line: -Djava.library.path=lib -Dfile.encoding=UTF-8 -Dstdout.encoding=UTF-8 -Dstderr.encoding=UTF-8 -XX:+ShowCodeDetailsInExceptionMessages view.Main

Host: 12th Gen Intel(R) Core(TM) i3-1215U, 8 cores, 7G,  Windows 11 , 64 bit Build 26100 (10.0.26100.8521)
Time: Tue Jul  7 11:46:12 2026 Hora Padr緌 de Caracas elapsed time: 2.863968 seconds (0d 0h 0m 2s)

---------------  T H R E A D  ---------------

Current thread (0x000001c99c344b70):  JavaThread "AWT-EventQueue-0"        [_thread_in_native, id=15196, stack(0x00000046ac200000,0x00000046ac300000) (1024K)]

Stack: [0x00000046ac200000,0x00000046ac300000],  sp=0x00000046ac2fe518,  free space=1017k
Native frames: (J=compiled Java code, j=interpreted, Vv=VM code, C=native code)
C  [igxelpicd64.dll+0x3b8e1d]

Java frames: (J=compiled Java code, j=interpreted, Vv=VM code)
j  graphics.MotorGrafico.cleanup()V+0
j  view.TransformUI.lambda$3(Ljavax/swing/JComboBox;Lgraphics/MotorGrafico;Ljava/awt/event/ActionEvent;)V+36
j  view.TransformUI$$Lambda+0x000001c99e00da08.actionPerformed(Ljava/awt/event/ActionEvent;)V+13
j  javax.swing.AbstractButton.fireActionPerformed(Ljava/awt/event/ActionEvent;)V+84 java.desktop@21.0.10
j  javax.swing.AbstractButton$Handler.actionPerformed(Ljava/awt/event/ActionEvent;)V+5 java.desktop@21.0.10
j  javax.swing.DefaultButtonModel.fireActionPerformed(Ljava/awt/event/ActionEvent;)V+34 java.desktop@21.0.10
j  javax.swing.DefaultButtonModel.setPressed(Z)V+117 java.desktop@21.0.10
j  javax.swing.plaf.basic.BasicButtonListener.mouseReleased(Ljava/awt/event/MouseEvent;)V+35 java.desktop@21.0.10
j  java.awt.Component.processMouseEvent(Ljava/awt/event/MouseEvent;)V+64 java.desktop@21.0.10
j  javax.swing.JComponent.processMouseEvent(Ljava/awt/event/MouseEvent;)V+23 java.desktop@21.0.10
j  java.awt.Component.processEvent(Ljava/awt/AWTEvent;)V+81 java.desktop@21.0.10
j  java.awt.Container.processEvent(Ljava/awt/AWTEvent;)V+18 java.desktop@21.0.10
j  java.awt.Component.dispatchEventImpl(Ljava/awt/AWTEvent;)V+504 java.desktop@21.0.10
j  java.awt.Container.dispatchEventImpl(Ljava/awt/AWTEvent;)V+42 java.desktop@21.0.10
j  java.awt.Component.dispatchEvent(Ljava/awt/AWTEvent;)V+2 java.desktop@21.0.10
j  java.awt.LightweightDispatcher.retargetMouseEvent(Ljava/awt/Component;ILjava/awt/event/MouseEvent;)V+349 java.desktop@21.0.10
j  java.awt.LightweightDispatcher.processMouseEvent(Ljava/awt/event/MouseEvent;)Z+155 java.desktop@21.0.10
j  java.awt.LightweightDispatcher.dispatchEvent(Ljava/awt/AWTEvent;)Z+50 java.desktop@21.0.10
j  java.awt.Container.dispatchEventImpl(Ljava/awt/AWTEvent;)V+12 java.desktop@21.0.10
j  java.awt.Component.dispatchEvent(Ljava/awt/AWTEvent;)V+2 java.desktop@21.0.10
j  java.awt.EventQueue.dispatchEventImpl(Ljava/awt/AWTEvent;Ljava/lang/Object;)V+41 java.desktop@21.0.10
j  java.awt.EventQueue$4.run()Ljava/lang/Void;+32 java.desktop@21.0.10
j  java.awt.EventQueue$4.run()Ljava/lang/Object;+1 java.desktop@21.0.10
J 1069 c1 java.security.ProtectionDomain$JavaSecurityAccessImpl.doIntersectionPrivilege(Ljava/security/PrivilegedAction;Ljava/security/AccessControlContext;Ljava/security/AccessControlContext;)Ljava/lang/Object; java.base@21.0.10 (22 bytes) @ 0x000001c987d48364 [0x000001c987d480c0+0x00000000000002a4]
j  java.security.ProtectionDomain$JavaSecurityAccessImpl.doIntersectionPrivilege(Ljava/security/PrivilegedAction;Ljava/security/AccessControlContext;)Ljava/lang/Object;+6 java.base@21.0.10
j  java.awt.EventQueue$5.run()Ljava/lang/Void;+11 java.desktop@21.0.10
j  java.awt.EventQueue$5.run()Ljava/lang/Object;+1 java.desktop@21.0.10
J 1069 c1 java.security.ProtectionDomain$JavaSecurityAccessImpl.doIntersectionPrivilege(Ljava/security/PrivilegedAction;Ljava/security/AccessControlContext;Ljava/security/AccessControlContext;)Ljava/lang/Object; java.base@21.0.10 (22 bytes) @ 0x000001c987d48364 [0x000001c987d480c0+0x00000000000002a4]
j  java.awt.EventQueue.dispatchEvent(Ljava/awt/AWTEvent;)V+73 java.desktop@21.0.10
j  java.awt.EventDispatchThread.pumpOneEventForFilters(I)V+81 java.desktop@21.0.10
j  java.awt.EventDispatchThread.pumpEventsForFilter(ILjava/awt/Conditional;Ljava/awt/EventFilter;)V+35 java.desktop@21.0.10
j  java.awt.EventDispatchThread.pumpEventsForHierarchy(ILjava/awt/Conditional;Ljava/awt/Component;)V+11 java.desktop@21.0.10
j  java.awt.EventDispatchThread.pumpEvents(ILjava/awt/Conditional;)V+4 java.desktop@21.0.10
j  java.awt.EventDispatchThread.pumpEvents(Ljava/awt/Conditional;)V+3 java.desktop@21.0.10
j  java.awt.EventDispatchThread.run()V+9 java.desktop@21.0.10
v  ~StubRoutines::call_stub 0x000001c98f0e100d

siginfo: EXCEPTION_ACCESS_VIOLATION (0xc0000005), reading address 0x00000000000012e0


Registers:
RAX=0x000001c9e21282d0, RBX=0x000001c9de400e08, RCX=0x0000000000000001, RDX=0x00007ffad43ca054
RSP=0x00000046ac2fe518, RBP=0x00000046ac2fe540, RSI=0x000001c9de66c018, RDI=0x0000000000000148
R8 =0x0000000000000000, R9 =0x0000000000000070, R10=0x000001c98f0ecd3c, R11=0x0000000000000101
R12=0x0000000000000000, R13=0x000001c9de400e08, R14=0x00000046ac2fe5e8, R15=0x000001c99c344b70
RIP=0x00007ffa65378e1d, EFLAGS=0x0000000000010202

XMM[0]=0x0000000000000000 0x0000000000000000
XMM[1]=0x0000000000000000 0x0000000000000000
XMM[2]=0x2525252525252525 0x2525252525252525
XMM[3]=0x0000000000000000 0x0000000000000000
XMM[4]=0x0000000000000000 0x0000000000000000
XMM[5]=0x6f746f4d5f736369 0x68706172675f6176
XMM[6]=0x0000000000000000 0x9e7971747c97227f
XMM[7]=0x0000000000000000 0x11478fb5afd11190
XMM[8]=0x0000000000000000 0xc36c9e33a2c147d2
XMM[9]=0x0000000000000000 0xec75c3eb4661b748
XMM[10]=0x0000000000000000 0x0000000059ebf35d
XMM[11]=0x0000000000000000 0xbb0c7539016e2c81
XMM[12]=0x0000000000000000 0x000000004661b748
XMM[13]=0x0000000000000000 0x0000000000000000
XMM[14]=0x0000000000000000 0x0000000000000000
XMM[15]=0x0000000000000000 0x0000000000000000
  MXCSR=0x00001fa6


Register to memory mapping:

RAX=0x000001c9e21282d0 points into unknown readable memory: 0x0000000000000000 | 00 00 00 00 00 00 00 00
RBX={method} {0x000001c9de400e10} 'cleanup' '()V' in 'graphics/MotorGrafico'
RCX=0x0000000000000001 is an unknown value
RDX=0x00007ffad43ca054 motor.dll
RSP=0x00000046ac2fe518 is pointing into the stack for thread: 0x000001c99c344b70
RBP=0x00000046ac2fe540 is pointing into the stack for thread: 0x000001c99c344b70
RSI=0x000001c9de66c018 is pointing into metadata
RDI=0x0000000000000148 is an unknown value
R8 =0x0 is null
R9 =0x0000000000000070 is an unknown value
R10=0x000001c98f0ecd3c is at code_begin+1020 in an Interpreter codelet
native method entry point (kind = native)  [0x000001c98f0ec940, 0x000001c98f0ed398]  2648 bytes
R11=0x0000000000000101 is an unknown value
R12=0x0 is null
R13={method} {0x000001c9de400e10} 'cleanup' '()V' in 'graphics/MotorGrafico'
R14=0x00000046ac2fe5e8 is pointing into the stack for thread: 0x000001c99c344b70
R15=0x000001c99c344b70 is a thread

Top of Stack: (sp=0x00000046ac2fe518)
0x00000046ac2fe518:   00007ffad43c2aaa 000001c9de400e08
0x00000046ac2fe528:   000001c9de400e08 000001c9de400e08
0x00000046ac2fe538:   00000046ac2fe5e8 00000046ac2fe5c8
0x00000046ac2fe548:   000001c98f0ecd6b 000001c99c344f30
0x00000046ac2fe558:   00000046ac2fe5e8 0000000000000001
0x00000046ac2fe568:   0000000000000000 00000046ac2fe560
0x00000046ac2fe578:   000001c98f0ec9ff 00000046ac2fe580
0x00000046ac2fe588:   000001c9de400e08 0000000000000004
0x00000046ac2fe598:   000001c9de400f30 0000000000000000
0x00000046ac2fe5a8:   000000008be902a0 000001c9de400e08
0x00000046ac2fe5b8:   0000000000000000 00000046ac2fe5e8
0x00000046ac2fe5c8:   00000046ac2fe638 000001c98f0e8860
0x00000046ac2fe5d8:   0000000000000000 000001c98f0ea3d7
0x00000046ac2fe5e8:   000000008be913c8 00000046ac2fe5f0
0x00000046ac2fe5f8:   000001c9de419ad4 0000000000000005
0x00000046ac2fe608:   000001c9de4170b8 0000000000000000
0x00000046ac2fe618:   000000008bc7cbd8 000001c9de419b00
0x00000046ac2fe628:   00000046ac2fe5e8 00000046ac2fe648
0x00000046ac2fe638:   00000046ac2fe6b0 000001c98f0e8860
0x00000046ac2fe648:   000000008b6454c8 000000008be913c8
0x00000046ac2fe658:   000000008bbef178 000000008bc81590
0x00000046ac2fe668:   00000046ac2fe668 000001c9de423ce5
0x00000046ac2fe678:   0000000000000003 000001c9de423da8
0x00000046ac2fe688:   0000000000000000 000000008bae5870
0x00000046ac2fe698:   000001c9de423cf0 00000046ac2fe648
0x00000046ac2fe6a8:   00000046ac2fe6c0 00000046ac2fe718
0x00000046ac2fe6b8:   000001c98f0e8d06 000000008b6454c8
0x00000046ac2fe6c8:   000000008bae5be0 00000046ac2fe6d0
0x00000046ac2fe6d8:   000001c9de26d054 0000000000000007
0x00000046ac2fe6e8:   000001c9de5bc5d8 0000000000000000
0x00000046ac2fe6f8:   000000008bc7f0e8 000001c9de26d0c0
0x00000046ac2fe708:   00000046ac2fe6c0 00000046ac2fe748 

Instructions: (pc=0x00007ffa65378e1d)
0x00007ffa65378d1d:   48 8b 82 c8 12 00 00 48 ff 25 dd 99 a8 00 cc cc
0x00007ffa65378d2d:   cc cc cc cc cc cc cc cc cc cc cc cc cc cc cc cc
0x00007ffa65378d3d:   cc cc cc 65 48 8b 14 25 58 00 00 00 8b 05 a9 9c
0x00007ffa65378d4d:   fc 00 41 b8 70 00 00 00 48 8b 04 c2 4a 8b 14 00
0x00007ffa65378d5d:   48 8b 82 d0 12 00 00 48 ff 25 9d 99 a8 00 cc cc
0x00007ffa65378d6d:   cc cc cc cc cc cc cc cc cc cc cc cc cc cc cc cc
0x00007ffa65378d7d:   cc cc cc 65 4c 8b 04 25 58 00 00 00 8b 05 69 9c
0x00007ffa65378d8d:   fc 00 41 b9 70 00 00 00 49 8b 04 c0 4e 8b 04 08
0x00007ffa65378d9d:   49 8b 80 40 0a 00 00 48 ff 25 5d 99 a8 00 cc cc
0x00007ffa65378dad:   cc cc cc cc cc cc cc cc cc cc cc cc cc cc cc cc
0x00007ffa65378dbd:   cc cc cc 65 4c 8b 04 25 58 00 00 00 8b 05 29 9c
0x00007ffa65378dcd:   fc 00 41 b9 70 00 00 00 49 8b 04 c0 4e 8b 04 08
0x00007ffa65378ddd:   49 8b 80 d8 12 00 00 48 ff 25 1d 99 a8 00 cc cc
0x00007ffa65378ded:   cc cc cc cc cc cc cc cc cc cc cc cc cc cc cc cc
0x00007ffa65378dfd:   cc cc cc 65 4c 8b 04 25 58 00 00 00 8b 05 e9 9b
0x00007ffa65378e0d:   fc 00 41 b9 70 00 00 00 49 8b 04 c0 4e 8b 04 08
0x00007ffa65378e1d:   49 8b 80 e0 12 00 00 48 ff 25 dd 98 a8 00 cc cc
0x00007ffa65378e2d:   cc cc cc cc cc cc cc cc cc cc cc cc cc cc cc cc
0x00007ffa65378e3d:   cc cc cc 65 4c 8b 04 25 58 00 00 00 8b 05 a9 9b
0x00007ffa65378e4d:   fc 00 41 b9 70 00 00 00 49 8b 04 c0 4e 8b 04 08
0x00007ffa65378e5d:   49 8b 80 e8 12 00 00 48 ff 25 9d 98 a8 00 cc cc
0x00007ffa65378e6d:   cc cc cc cc cc cc cc cc cc cc cc cc cc cc cc cc
0x00007ffa65378e7d:   cc cc cc 65 4c 8b 04 25 58 00 00 00 8b 05 69 9b
0x00007ffa65378e8d:   fc 00 41 b9 70 00 00 00 49 8b 04 c0 4e 8b 04 08
0x00007ffa65378e9d:   49 8b 80 f0 12 00 00 48 ff 25 5d 98 a8 00 cc cc
0x00007ffa65378ead:   cc cc cc cc cc cc cc cc cc cc cc cc cc cc cc cc
0x00007ffa65378ebd:   cc cc cc 65 48 8b 0c 25 58 00 00 00 8b 05 29 9b
0x00007ffa65378ecd:   fc 00 ba 70 00 00 00 48 8b 04 c1 48 8b 0c 10 48
0x00007ffa65378edd:   8b 81 f8 12 00 00 48 ff 25 1e 98 a8 00 cc cc cc
0x00007ffa65378eed:   cc cc cc 65 48 8b 14 25 58 00 00 00 8b 05 f9 9a
0x00007ffa65378efd:   fc 00 41 b8 70 00 00 00 48 8b 04 c2 4a 8b 14 00
0x00007ffa65378f0d:   48 8b 82 b0 07 00 00 48 ff 25 ed 97 a8 00 cc cc 


Stack slot to memory mapping:

stack at sp + 0 slots: 0x00007ffad43c2aaa motor.dll
stack at sp + 1 slots: {method} {0x000001c9de400e10} 'cleanup' '()V' in 'graphics/MotorGrafico'
stack at sp + 2 slots: {method} {0x000001c9de400e10} 'cleanup' '()V' in 'graphics/MotorGrafico'
stack at sp + 3 slots: {method} {0x000001c9de400e10} 'cleanup' '()V' in 'graphics/MotorGrafico'
stack at sp + 4 slots: 0x00000046ac2fe5e8 is pointing into the stack for thread: 0x000001c99c344b70
stack at sp + 5 slots: 0x00000046ac2fe5c8 is pointing into the stack for thread: 0x000001c99c344b70
stack at sp + 6 slots: 0x000001c98f0ecd6b is at code_begin+1067 in an Interpreter codelet
native method entry point (kind = native)  [0x000001c98f0ec940, 0x000001c98f0ed398]  2648 bytes
stack at sp + 7 slots: 0x000001c99c344f30 points into unknown readable memory: 0x00007ffa8773b840 | 40 b8 73 87 fa 7f 00 00


Compiled method (c1) 2890 1069       3       java.security.ProtectionDomain$JavaSecurityAccessImpl::doIntersectionPrivilege (22 bytes)
 total in heap  [0x000001c987d47e90,0x000001c987d48868] = 2520
 relocation     [0x000001c987d47ff0,0x000001c987d480b0] = 192
 main code      [0x000001c987d480c0,0x000001c987d485c0] = 1280
 stub code      [0x000001c987d485c0,0x000001c987d48650] = 144
 metadata       [0x000001c987d48650,0x000001c987d48670] = 32
 scopes data    [0x000001c987d48670,0x000001c987d48750] = 224
 scopes pcs     [0x000001c987d48750,0x000001c987d48850] = 256
 dependencies   [0x000001c987d48850,0x000001c987d48858] = 8
 nul chk table  [0x000001c987d48858,0x000001c987d48868] = 16

[Constant Pool (empty)]

[MachCode]
[Entry Point]
  # {method} {0x000001c99d119150} 'doIntersectionPrivilege' '(Ljava/security/PrivilegedAction;Ljava/security/AccessControlContext;Ljava/security/AccessControlContext;)Ljava/lang/Object;' in 'java/security/ProtectionDomain$JavaSecurityAccessImpl'
  # this:     rdx:rdx   = 'java/security/ProtectionDomain$JavaSecurityAccessImpl'
  # parm0:    r8:r8     = 'java/security/PrivilegedAction'
  # parm1:    r9:r9     = 'java/security/AccessControlContext'
  # parm2:    rdi:rdi   = 'java/security/AccessControlContext'
  #           [sp+0xa0]  (sp of caller)
  0x000001c987d480c0: 448b 5208 | 49bb 0000 | 009d c901 | 0000 4d03 | d34c 3bd0 

  0x000001c987d480d4: ;   {runtime_call ic_miss_stub}
  0x000001c987d480d4: 0f85 a666 | 3e07 660f | 1f44 0000 
[Verified Entry Point]
  0x000001c987d480e0: 8984 2400 | 80ff ff55 | 4881 ec90 | 0000 0090 | 4181 7f20 | 0100 0000 

  0x000001c987d480f8: ;   {runtime_call StubRoutines (final stubs)}
  0x000001c987d480f8: 7405 e8a1 

  0x000001c987d480fc: ;   {metadata(method data for {method} {0x000001c99d119150} 'doIntersectionPrivilege' '(Ljava/security/PrivilegedAction;Ljava/security/AccessControlContext;Ljava/security/AccessControlContext;)Ljava/lang/Object;' in 'java/security/ProtectionDomain$JavaSecurityAccessImpl')}
  0x000001c987d480fc: e33c 0748 | be00 7f87 | dec9 0100 | 008b 9ecc | 0000 0083 | c302 899e | cc00 0000 | 81e3 fe07 
  0x000001c987d4811c: 0000 85db | 0f84 8303 | 0000 4d85 

  0x000001c987d48128: ;   {metadata(method data for {method} {0x000001c99d119150} 'doIntersectionPrivilege' '(Ljava/security/PrivilegedAction;Ljava/security/AccessControlContext;Ljava/security/AccessControlContext;)Ljava/lang/Object;' in 'java/security/ProtectionDomain$JavaSecurityAccessImpl')}
  0x000001c987d48128: c048 ba00 | 7f87 dec9 | 0100 0048 | c7c6 2001 | 0000 7407 | 48c7 c610 | 0100 0048 | 8b1c 3248 
  0x000001c987d48148: 8d5b 0148 | 891c 320f | 84b4 0200 | 004c 8944 

  0x000001c987d48158: ;   {metadata(method data for {method} {0x000001c99d119150} 'doIntersectionPrivilege' '(Ljava/security/PrivilegedAction;Ljava/security/AccessControlContext;Ljava/security/AccessControlContext;)Ljava/lang/Object;' in 'java/security/ProtectionDomain$JavaSecurityAccessImpl')}
  0x000001c987d48158: 2460 48ba | 007f 87de | c901 0000 | 4883 8240 | 0100 0001 | 488b d74d | 8bc1 0f1f 

  0x000001c987d48174: ;   {static_call}
  0x000001c987d48174: 4400 00e8 

  0x000001c987d48178: ; ImmutableOopMap {[96]=Oop }
                      ;*invokestatic getCombinedACC {reexecute=0 rethrow=0 return_oop=0}
                      ; - java.security.ProtectionDomain$JavaSecurityAccessImpl::doIntersectionPrivilege@15 (line 89)
  0x000001c987d48178: e408 0000 

  0x000001c987d4817c: ;   {other}
  0x000001c987d4817c: 0f1f 8400 | ec02 0000 

  0x000001c987d48184: ;   {metadata(method data for {method} {0x000001c99d119150} 'doIntersectionPrivilege' '(Ljava/security/PrivilegedAction;Ljava/security/AccessControlContext;Ljava/security/AccessControlContext;)Ljava/lang/Object;' in 'java/security/ProtectionDomain$JavaSecurityAccessImpl')}
  0x000001c987d48184: 48be 007f | 87de c901 | 0000 4883 | 8650 0100 

  0x000001c987d48194: ;   {metadata(method data for {method} {0x000001c99d470b18} 'doPrivileged' '(Ljava/security/PrivilegedAction;Ljava/security/AccessControlContext;)Ljava/lang/Object;' in 'java/security/AccessController')}
  0x000001c987d48194: 0001 48be | c075 87de | c901 0000 | 8bbe cc00 | 0000 83c7 | 0289 becc | 0000 0081 | e7fe ff1f 
  0x000001c987d481b4: 0085 ff0f | 840d 0300 

  0x000001c987d481bc: ;   {metadata(method data for {method} {0x000001c99d470b18} 'doPrivileged' '(Ljava/security/PrivilegedAction;Ljava/security/AccessControlContext;)Ljava/lang/Object;' in 'java/security/AccessController')}
  0x000001c987d481bc: 0048 bec0 | 7587 dec9 | 0100 0048 | 8386 1001 | 0000 0148 | 8944 2468 

  0x000001c987d481d4: ;   {static_call}
  0x000001c987d481d4: 6666 90e8 

  0x000001c987d481d8: ; ImmutableOopMap {[96]=Oop [104]=Oop }
                      ;*invokestatic getCallerClass {reexecute=0 rethrow=0 return_oop=0}
                      ; - java.security.AccessController::doPrivileged@0 (line 398)
                      ; - java.security.ProtectionDomain$JavaSecurityAccessImpl::doIntersectionPrivilege@18 (line 87)
  0x000001c987d481d8: 842f 9507 

  0x000001c987d481dc: ;   {other}
  0x000001c987d481dc: 0f1f 8400 | 4c03 0001 

  0x000001c987d481e4: ;   {metadata(method data for {method} {0x000001c99d470b18} 'doPrivileged' '(Ljava/security/PrivilegedAction;Ljava/security/AccessControlContext;)Ljava/lang/Object;' in 'java/security/AccessController')}
  0x000001c987d481e4: 48ba c075 | 87de c901 | 0000 4883 | 8220 0100 | 0001 488b | 5424 684c | 8bc0 4889 | 4424 700f 
  0x000001c987d48204: ;   {static_call}
  0x000001c987d48204: 1f40 00e8 

  0x000001c987d48208: ; ImmutableOopMap {[96]=Oop [112]=Oop }
                      ;*invokestatic checkContext {reexecute=0 rethrow=0 return_oop=0}
                      ; - java.security.AccessController::doPrivileged@6 (line 399)
                      ; - java.security.ProtectionDomain$JavaSecurityAccessImpl::doIntersectionPrivilege@18 (line 87)
  0x000001c987d48208: b4e4 ffff 

  0x000001c987d4820c: ;   {other}
  0x000001c987d4820c: 0f1f 8400 | 7c03 0002 | 4889 4424 

  0x000001c987d48218: ;   {metadata(method data for {method} {0x000001c99d470b18} 'doPrivileged' '(Ljava/security/PrivilegedAction;Ljava/security/AccessControlContext;)Ljava/lang/Object;' in 'java/security/AccessController')}
  0x000001c987d48218: 7848 bac0 | 7587 dec9 | 0100 0048 | 8382 3001 

  0x000001c987d48228: ;   {metadata(method data for {method} {0x000001c99d470da0} 'executePrivileged' '(Ljava/security/PrivilegedAction;Ljava/security/AccessControlContext;Ljava/lang/Class;)Ljava/lang/Object;' in 'java/security/AccessController')}
  0x000001c987d48228: 0000 0148 | ba98 2907 | dec9 0100 | 008b b2cc | 0000 0083 | c602 89b2 | cc00 0000 | 81e6 feff 
  0x000001c987d48248: 1f00 85f6 | 0f84 9902 | 0000 4885 

  0x000001c987d48254: ;   {metadata(method data for {method} {0x000001c99d470da0} 'executePrivileged' '(Ljava/security/PrivilegedAction;Ljava/security/AccessControlContext;Ljava/lang/Class;)Ljava/lang/Object;' in 'java/security/AccessController')}
  0x000001c987d48254: c048 ba98 | 2907 dec9 | 0100 0048 | c7c6 1001 | 0000 7407 | 48c7 c620 | 0100 0048 | 8b3c 3248 
  0x000001c987d48274: 8d7f 0148 | 893c 320f | 8423 0000 

  0x000001c987d48280: ;   {metadata(method data for {method} {0x000001c99d470da0} 'executePrivileged' '(Ljava/security/PrivilegedAction;Ljava/security/AccessControlContext;Ljava/lang/Class;)Ljava/lang/Object;' in 'java/security/AccessController')}
  0x000001c987d48280: 0048 ba98 | 2907 dec9 | 0100 0048 | 8382 3001 | 0000 0148 

  0x000001c987d48294: ;   {static_call}
  0x000001c987d48294: 8bd0 90e8 

  0x000001c987d48298: ; ImmutableOopMap {[96]=Oop [112]=Oop [120]=Oop }
                      ;*invokestatic ensureMaterializedForStackWalk {reexecute=0 rethrow=0 return_oop=0}
                      ; - java.security.AccessController::executePrivileged@5 (line 774)
                      ; - java.security.AccessController::doPrivileged@13 (line 400)
                      ; - java.security.ProtectionDomain$JavaSecurityAccessImpl::doIntersectionPrivilege@18 (line 87)
  0x000001c987d48298: 44f4 9707 

  0x000001c987d4829c: ;   {other}
  0x000001c987d4829c: 0f1f 8400 | 0c04 0003 

  0x000001c987d482a4: ;   {metadata(method data for {method} {0x000001c99d470da0} 'executePrivileged' '(Ljava/security/PrivilegedAction;Ljava/security/AccessControlContext;Ljava/lang/Class;)Ljava/lang/Object;' in 'java/security/AccessController')}
  0x000001c987d482a4: 48ba 9829 | 07de c901 | 0000 ff82 | 4001 0000 | 4c8b 4424 | 6049 3b00 

  0x000001c987d482bc: ;   {metadata(method data for {method} {0x000001c99d470da0} 'executePrivileged' '(Ljava/security/PrivilegedAction;Ljava/security/AccessControlContext;Ljava/lang/Class;)Ljava/lang/Object;' in 'java/security/AccessController')}
  0x000001c987d482bc: 498b d048 | be98 2907 | dec9 0100 | 008b 5208 | 49ba 0000 | 009d c901 | 0000 4903 | d248 3b96 
  0x000001c987d482dc: b001 0000 | 750d 4883 | 86b8 0100 | 0001 e960 | 0000 0048 | 3b96 c001 | 0000 750d | 4883 86c8 
  0x000001c987d482fc: 0100 0001 | e94a 0000 | 0048 83be | b001 0000 | 0075 1748 | 8996 b001 | 0000 48c7 | 86b8 0100 
  0x000001c987d4831c: 0001 0000 | 00e9 2900 | 0000 4883 | bec0 0100 | 0000 7517 | 4889 96c0 | 0100 0048 | c786 c801 
  0x000001c987d4833c: 0000 0100 | 0000 e908 | 0000 0048 | 8386 a001 | 0000 0149 | 8bd0 6666 | 9048 b850 | c183 e9c9 
  0x000001c987d4835c: ;   {virtual_call}
  0x000001c987d4835c: 0100 00e8 

  0x000001c987d48360: ; ImmutableOopMap {[112]=Oop [120]=Oop }
                      ;*invokeinterface run {reexecute=0 rethrow=0 return_oop=0}
                      ; - java.security.AccessController::executePrivileged@29 (line 778)
                      ; - java.security.AccessController::doPrivileged@13 (line 400)
                      ; - java.security.ProtectionDomain$JavaSecurityAccessImpl::doIntersectionPrivilege@18 (line 87)
  0x000001c987d48360: 2ccf 4a07 

  0x000001c987d48364: ;   {other}
  0x000001c987d48364: 0f1f 8400 | d404 0004 

  0x000001c987d4836c: ;   {metadata(method data for {method} {0x000001c99d470da0} 'executePrivileged' '(Ljava/security/PrivilegedAction;Ljava/security/AccessControlContext;Ljava/lang/Class;)Ljava/lang/Object;' in 'java/security/AccessController')}
  0x000001c987d4836c: 48ba 9829 | 07de c901 | 0000 ff82 | d801 0000 | 488b 5424 

  0x000001c987d48380: ;   {metadata(method data for {method} {0x000001c99d470da0} 'executePrivileged' '(Ljava/security/PrivilegedAction;Ljava/security/AccessControlContext;Ljava/lang/Class;)Ljava/lang/Object;' in 'java/security/AccessController')}
  0x000001c987d48380: 7048 be98 | 2907 dec9 | 0100 0048 | 8386 3802 

  0x000001c987d48390: ;   {metadata(method data for {method} {0x000001c99d03dbd0} 'reachabilityFence' '(Ljava/lang/Object;)V' in 'java/lang/ref/Reference')}
  0x000001c987d48390: 0000 0148 | be40 2c07 | dec9 0100 | 008b becc | 0000 0083 | c702 89be | cc00 0000 | 81e7 feff 
  0x000001c987d483b0: 1f00 85ff | 0f84 5701 

  0x000001c987d483b8: ;   {metadata(method data for {method} {0x000001c99d470da0} 'executePrivileged' '(Ljava/security/PrivilegedAction;Ljava/security/AccessControlContext;Ljava/lang/Class;)Ljava/lang/Object;' in 'java/security/AccessController')}
  0x000001c987d483b8: 0000 48ba | 9829 07de | c901 0000 | 4883 8248 | 0200 0001 

  0x000001c987d483cc: ;   {metadata(method data for {method} {0x000001c99d03dbd0} 'reachabilityFence' '(Ljava/lang/Object;)V' in 'java/lang/ref/Reference')}
  0x000001c987d483cc: 48ba 402c | 07de c901 | 0000 8bb2 | cc00 0000 | 83c6 0289 | b2cc 0000 | 0081 e6fe | ff1f 0085 
  0x000001c987d483ec: f60f 843f | 0100 0048 | 81c4 9000 

  0x000001c987d483f8: ;   {poll_return}
  0x000001c987d483f8: 0000 5d49 | 3ba7 5004 | 0000 0f87 | 4b01 0000 | c30f 1f80 | 0000 0000 

  0x000001c987d48410: ;   {no_reloc}
  0x000001c987d48410: e963 0100 | 0000 0000 | 0000 498b | 87b8 0100 | 0048 8d78 | 3049 3bbf | c801 0000 | 0f87 5001 
  0x000001c987d48430: 0000 4989 | bfb8 0100 | 0048 c700 | 0100 0000 | 488b ca49 | ba00 0000 | 9dc9 0100 | 0049 2bca 
  0x000001c987d48450: 8948 0848 | 33c9 8948 | 0c48 33c9 | 4889 4810 | 4889 4818 | 4889 4820 | 4889 4828 

  0x000001c987d4846c: ;   {metadata(method data for {method} {0x000001c99d119150} 'doIntersectionPrivilege' '(Ljava/security/PrivilegedAction;Ljava/security/AccessControlContext;Ljava/security/AccessControlContext;)Ljava/lang/Object;' in 'java/security/ProtectionDomain$JavaSecurityAccessImpl')}
  0x000001c987d4846c: 488b d048 | be00 7f87 | dec9 0100 | 0048 8386 | 3001 0000 | 0148 8bd0 | 4889 8424 | 8000 0000 
  0x000001c987d4848c: ;   {optimized virtual_call}
  0x000001c987d4848c: 6666 90e8 

  0x000001c987d48490: ; ImmutableOopMap {[128]=Oop }
                      ;*invokespecial <init> {reexecute=0 rethrow=0 return_oop=0}
                      ; - java.security.ProtectionDomain$JavaSecurityAccessImpl::doIntersectionPrivilege@8 (line 84)
  0x000001c987d48490: ec65 3e07 

  0x000001c987d48494: ;   {other}
  0x000001c987d48494: 0f1f 8400 | 0406 0005 | 488b 8424 | 8000 0000 | e903 0100 

  0x000001c987d484a8: ;   {metadata({method} {0x000001c99d119150} 'doIntersectionPrivilege' '(Ljava/security/PrivilegedAction;Ljava/security/AccessControlContext;Ljava/security/AccessControlContext;)Ljava/lang/Object;' in 'java/security/ProtectionDomain$JavaSecurityAccessImpl')}
  0x000001c987d484a8: 0049 ba48 | 9111 9dc9 | 0100 004c | 8954 2408 | 48c7 0424 | ffff ffff 

  0x000001c987d484c0: ;   {runtime_call counter_overflow Runtime1 stub}
  0x000001c987d484c0: e83b 8a4a 

  0x000001c987d484c4: ; ImmutableOopMap {rdx=Oop r8=Oop r9=Oop rdi=Oop }
                      ;*synchronization entry
                      ; - java.security.ProtectionDomain$JavaSecurityAccessImpl::doIntersectionPrivilege@-1 (line 83)
  0x000001c987d484c4: 07e9 5cfc 

  0x000001c987d484c8: ;   {metadata({method} {0x000001c99d470b18} 'doPrivileged' '(Ljava/security/PrivilegedAction;Ljava/security/AccessControlContext;)Ljava/lang/Object;' in 'java/security/AccessController')}
  0x000001c987d484c8: ffff 49ba | 100b 479d | c901 0000 | 4c89 5424 | 0848 c704 | 24ff ffff 

  0x000001c987d484e0: ;   {runtime_call counter_overflow Runtime1 stub}
  0x000001c987d484e0: ffe8 1a8a 

  0x000001c987d484e4: ; ImmutableOopMap {rax=Oop [96]=Oop }
                      ;*synchronization entry
                      ; - java.security.AccessController::doPrivileged@-1 (line 398)
                      ; - java.security.ProtectionDomain$JavaSecurityAccessImpl::doIntersectionPrivilege@18 (line 87)
  0x000001c987d484e4: 4a07 e9d2 

  0x000001c987d484e8: ;   {metadata({method} {0x000001c99d470da0} 'executePrivileged' '(Ljava/security/PrivilegedAction;Ljava/security/AccessControlContext;Ljava/lang/Class;)Ljava/lang/Object;' in 'java/security/AccessController')}
  0x000001c987d484e8: fcff ff49 | ba98 0d47 | 9dc9 0100 | 004c 8954 | 2408 48c7 | 0424 ffff 

  0x000001c987d48500: ;   {runtime_call counter_overflow Runtime1 stub}
  0x000001c987d48500: ffff e8f9 

  0x000001c987d48504: ; ImmutableOopMap {rax=Oop [96]=Oop [112]=Oop [120]=Oop }
                      ;*synchronization entry
                      ; - java.security.AccessController::executePrivileged@-1 (line 773)
                      ; - java.security.AccessController::doPrivileged@13 (line 400)
                      ; - java.security.ProtectionDomain$JavaSecurityAccessImpl::doIntersectionPrivilege@18 (line 87)
  0x000001c987d48504: 894a 07e9 | 46fd ffff 

  0x000001c987d4850c: ;   {runtime_call throw_null_pointer_exception Runtime1 stub}
  0x000001c987d4850c: e8ef 2f4a 

  0x000001c987d48510: ; ImmutableOopMap {r8=Oop [112]=Oop [120]=Oop }
                      ;*invokeinterface run {reexecute=0 rethrow=0 return_oop=0}
                      ; - java.security.AccessController::executePrivileged@29 (line 778)
                      ; - java.security.AccessController::doPrivileged@13 (line 400)
                      ; - java.security.ProtectionDomain$JavaSecurityAccessImpl::doIntersectionPrivilege@18 (line 87)
                      ;   {metadata({method} {0x000001c99d03dbd0} 'reachabilityFence' '(Ljava/lang/Object;)V' in 'java/lang/ref/Reference')}
  0x000001c987d48510: 0749 bac8 | db03 9dc9 | 0100 004c | 8954 2408 | 48c7 0424 | ffff ffff 

  0x000001c987d48528: ;   {runtime_call counter_overflow Runtime1 stub}
  0x000001c987d48528: e8d3 894a 

  0x000001c987d4852c: ; ImmutableOopMap {rax=Oop rdx=Oop }
                      ;*synchronization entry
                      ; - java.lang.ref.Reference::reachabilityFence@-1 (line 628)
                      ; - java.security.AccessController::executePrivileged@56 (line 783)
                      ; - java.security.AccessController::doPrivileged@13 (line 400)
                      ; - java.security.ProtectionDomain$JavaSecurityAccessImpl::doIntersectionPrivilege@18 (line 87)
  0x000001c987d4852c: 07e9 88fe 

  0x000001c987d48530: ;   {metadata({method} {0x000001c99d03dbd0} 'reachabilityFence' '(Ljava/lang/Object;)V' in 'java/lang/ref/Reference')}
  0x000001c987d48530: ffff 49ba | c8db 039d | c901 0000 | 4c89 5424 | 0848 c704 | 24ff ffff 

  0x000001c987d48548: ;   {runtime_call counter_overflow Runtime1 stub}
  0x000001c987d48548: ffe8 b289 

  0x000001c987d4854c: ; ImmutableOopMap {rax=Oop }
                      ;*synchronization entry
                      ; - java.lang.ref.Reference::reachabilityFence@-1 (line 628)
                      ; - java.security.AccessController::executePrivileged@60 (line 784)
                      ; - java.security.AccessController::doPrivileged@13 (line 400)
                      ; - java.security.ProtectionDomain$JavaSecurityAccessImpl::doIntersectionPrivilege@18 (line 87)
  0x000001c987d4854c: 4a07 e9a0 

  0x000001c987d48550: ;   {internal_word}
  0x000001c987d48550: feff ff49 | bafb 83d4 | 87c9 0100 | 004d 8997 | 6804 0000 

  0x000001c987d48564: ;   {runtime_call SafepointBlob}
  0x000001c987d48564: e917 cf3e 

  0x000001c987d48568: ;   {metadata(nullptr)}
  0x000001c987d48568: 0748 ba00 | 0000 0000 | 0000 00b8 | 000f 050a 

  0x000001c987d48578: ;   {runtime_call load_klass_patching Runtime1 stub}
  0x000001c987d48578: e803 794a 

  0x000001c987d4857c: ; ImmutableOopMap {}
                      ;*new {reexecute=1 rethrow=0 return_oop=0}
                      ; - (reexecute) java.security.ProtectionDomain$JavaSecurityAccessImpl::doIntersectionPrivilege@4 (line 84)
  0x000001c987d4857c: 07e9 8efe | ffff 488b 

  0x000001c987d48584: ;   {runtime_call fast_new_instance Runtime1 stub}
  0x000001c987d48584: d2e8 7638 

  0x000001c987d48588: ; ImmutableOopMap {}
                      ;*new {reexecute=0 rethrow=0 return_oop=0}
                      ; - java.security.ProtectionDomain$JavaSecurityAccessImpl::doIntersectionPrivilege@4 (line 84)
  0x000001c987d48588: 4a07 e9dd | feff ff49 | 8b87 0005 | 0000 49c7 | 8700 0500 | 0000 0000 | 0049 c787 | 0805 0000 
  0x000001c987d485a8: 0000 0000 | 4881 c490 | 0000 005d 

  0x000001c987d485b4: ;   {runtime_call unwind_exception Runtime1 stub}
  0x000001c987d485b4: e947 1c4a | 07f4 f4f4 | f4f4 f4f4 
[Stub Code]
  0x000001c987d485c0: ;   {no_reloc}
  0x000001c987d485c0: 0f1f 4400 

  0x000001c987d485c4: ;   {static_stub}
  0x000001c987d485c4: 0048 bb00 | 0000 0000 

  0x000001c987d485cc: ;   {runtime_call nmethod}
  0x000001c987d485cc: 0000 00e9 | fbff ffff 

  0x000001c987d485d4: ;   {static_stub}
  0x000001c987d485d4: 48bb 0000 | 0000 0000 

  0x000001c987d485dc: ;   {runtime_call nmethod}
  0x000001c987d485dc: 0000 e9fb 

  0x000001c987d485e0: ;   {static_stub}
  0x000001c987d485e0: ffff ff48 | bb00 0000 | 0000 0000 

  0x000001c987d485ec: ;   {runtime_call nmethod}
  0x000001c987d485ec: 00e9 fbff 

  0x000001c987d485f0: ;   {static_stub}
  0x000001c987d485f0: ffff 48bb | 0000 0000 | 0000 0000 

  0x000001c987d485fc: ;   {runtime_call nmethod}
  0x000001c987d485fc: e9fb ffff 

  0x000001c987d48600: ;   {static_stub}
  0x000001c987d48600: ff48 bb00 | 0000 0000 

  0x000001c987d48608: ;   {runtime_call nmethod}
  0x000001c987d48608: 0000 00e9 | fbff ffff 

  0x000001c987d48610: ;   {static_stub}
  0x000001c987d48610: 48bb 0000 | 0000 0000 

  0x000001c987d48618: ;   {runtime_call nmethod}
  0x000001c987d48618: 0000 e9fb 

  0x000001c987d4861c: ;   {runtime_call handle_exception_from_callee Runtime1 stub}
  0x000001c987d4861c: ffff ffe8 | dc55 4a07 

  0x000001c987d48624: ;   {external_word}
  0x000001c987d48624: 48b9 4053 | 5087 fa7f | 0000 4883 

  0x000001c987d48630: ;   {runtime_call}
  0x000001c987d48630: e4f0 48b8 | b0c3 1287 | fa7f 0000 

  0x000001c987d4863c: ;   {section_word}
  0x000001c987d4863c: ffd0 f449 | ba3f 86d4 | 87c9 0100 

  0x000001c987d48648: ;   {runtime_call DeoptimizationBlob}
  0x000001c987d48648: 0041 52e9 | d0c0 3e07 
[/MachCode]


---------------  P R O C E S S  ---------------

Threads class SMR info:
_java_thread_list=0x000001c9e27ccab0, length=16, elements={
0x000001c99bfe18e0, 0x000001c99bfe2340, 0x000001c99bfe9280, 0x000001c99bfedf10,
0x000001c99bff6590, 0x000001c99bff6c00, 0x000001c99bff9810, 0x000001c99bffc950,
0x000001c99c1571b0, 0x000001c99c15e620, 0x000001c99c3139b0, 0x000001c99c314a00,
0x000001c99c320e60, 0x000001c99c344b70, 0x000001c981ed1220, 0x000001c9e20df4a0
}

Java Threads: ( => current thread )
  0x000001c99bfe18e0 JavaThread "Reference Handler"          daemon [_thread_blocked, id=8548, stack(0x00000046ab500000,0x00000046ab600000) (1024K)]
  0x000001c99bfe2340 JavaThread "Finalizer"                  daemon [_thread_blocked, id=7780, stack(0x00000046ab600000,0x00000046ab700000) (1024K)]
  0x000001c99bfe9280 JavaThread "Signal Dispatcher"          daemon [_thread_blocked, id=24024, stack(0x00000046ab700000,0x00000046ab800000) (1024K)]
  0x000001c99bfedf10 JavaThread "Attach Listener"            daemon [_thread_blocked, id=12180, stack(0x00000046ab800000,0x00000046ab900000) (1024K)]
  0x000001c99bff6590 JavaThread "Service Thread"             daemon [_thread_blocked, id=17952, stack(0x00000046ab900000,0x00000046aba00000) (1024K)]
  0x000001c99bff6c00 JavaThread "Monitor Deflation Thread"   daemon [_thread_blocked, id=5340, stack(0x00000046aba00000,0x00000046abb00000) (1024K)]
  0x000001c99bff9810 JavaThread "C2 CompilerThread0"         daemon [_thread_blocked, id=9748, stack(0x00000046abb00000,0x00000046abc00000) (1024K)]
  0x000001c99bffc950 JavaThread "C1 CompilerThread0"         daemon [_thread_blocked, id=10904, stack(0x00000046abc00000,0x00000046abd00000) (1024K)]
  0x000001c99c1571b0 JavaThread "Notification Thread"        daemon [_thread_blocked, id=26184, stack(0x00000046abd00000,0x00000046abe00000) (1024K)]
  0x000001c99c15e620 JavaThread "Common-Cleaner"             daemon [_thread_blocked, id=7632, stack(0x00000046abe00000,0x00000046abf00000) (1024K)]
  0x000001c99c3139b0 JavaThread "Java2D Disposer"            daemon [_thread_blocked, id=22880, stack(0x00000046abf00000,0x00000046ac000000) (1024K)]
  0x000001c99c314a00 JavaThread "AWT-Shutdown"                      [_thread_blocked, id=16272, stack(0x00000046ac000000,0x00000046ac100000) (1024K)]
  0x000001c99c320e60 JavaThread "AWT-Windows"                daemon [_thread_in_native, id=26496, stack(0x00000046ac100000,0x00000046ac200000) (1024K)]
=>0x000001c99c344b70 JavaThread "AWT-EventQueue-0"                  [_thread_in_native, id=15196, stack(0x00000046ac200000,0x00000046ac300000) (1024K)]
  0x000001c981ed1220 JavaThread "DestroyJavaVM"                     [_thread_blocked, id=23396, stack(0x00000046aad00000,0x00000046aae00000) (1024K)]
  0x000001c9e20df4a0 JavaThread "TimerQueue"                 daemon [_thread_blocked, id=20208, stack(0x00000046ac300000,0x00000046ac400000) (1024K)]
Total: 16

Other Threads:
  0x000001c99bfc75d0 VMThread "VM Thread"                           [id=25768, stack(0x00000046ab400000,0x00000046ab500000) (1024K)]
  0x000001c99bfb4d10 WatcherThread "VM Periodic Task Thread"        [id=14960, stack(0x00000046ab300000,0x00000046ab400000) (1024K)]
  0x000001c98424c080 WorkerThread "GC Thread#0"                     [id=27308, stack(0x00000046aae00000,0x00000046aaf00000) (1024K)]
  0x000001c98425c700 ConcurrentGCThread "G1 Main Marker"            [id=3856, stack(0x00000046aaf00000,0x00000046ab000000) (1024K)]
  0x000001c98425d940 WorkerThread "G1 Conc#0"                       [id=5356, stack(0x00000046ab000000,0x00000046ab100000) (1024K)]
  0x000001c99be85dd0 ConcurrentGCThread "G1 Refine#0"               [id=9336, stack(0x00000046ab100000,0x00000046ab200000) (1024K)]
  0x000001c99be88610 ConcurrentGCThread "G1 Service"                [id=4536, stack(0x00000046ab200000,0x00000046ab300000) (1024K)]
Total: 7

Threads with active compile tasks:
Total: 0

VM state: not at safepoint (normal execution)

VM Mutex/Monitor currently owned by a thread: None

Heap address: 0x0000000084400000, size: 1980 MB, Compressed Oops mode: 32-bit

CDS archive(s) mapped at: [0x000001c99d000000-0x000001c99dc80000-0x000001c99dc80000), size 13107200, SharedBaseAddress: 0x000001c99d000000, ArchiveRelocationMode: 1.
Compressed class space mapped at: 0x000001c99e000000-0x000001c9de000000, reserved size: 1073741824
Narrow klass base: 0x000001c99d000000, Narrow klass shift: 0, Narrow klass range: 0x100000000

GC Precious Log:
 CardTable entry size: 512
 Card Set container configuration: InlinePtr #cards 5 size 8 Array Of Cards #cards 12 size 40 Howl #buckets 4 coarsen threshold 1843 Howl Bitmap #cards 512 size 80 coarsen threshold 460 Card regions per heap region 1 cards per card region 2048
 CPUs: 8 total, 8 available
 Memory: 7916M
 Large Page Support: Disabled
 NUMA Support: Disabled
 Compressed Oops: Enabled (32-bit)
 Heap Region Size: 1M
 Heap Min Capacity: 8M
 Heap Initial Capacity: 124M
 Heap Max Capacity: 1980M
 Pre-touch: Disabled
 Parallel Workers: 8
 Concurrent Workers: 2
 Concurrent Refinement Workers: 8
 Periodic GC: Disabled

Heap:
 garbage-first heap   total 126976K, used 12288K [0x0000000084400000, 0x0000000100000000)
  region size 1024K, 10 young (10240K), 0 survivors (0K)
 Metaspace       used 9993K, committed 10240K, reserved 1114112K
  class space    used 1169K, committed 1280K, reserved 1048576K

Heap Regions: E=young(eden), S=young(survivor), O=old, HS=humongous(starts), HC=humongous(continues), CS=collection set, F=free, TAMS=top-at-mark-start, PB=parsable bottom
|   0|0x0000000084400000, 0x0000000084500000, 0x0000000084500000|100%|HS|  |TAMS 0x0000000084400000| PB 0x0000000084400000| Complete 
|   1|0x0000000084500000, 0x0000000084600000, 0x0000000084600000|100%|HC|  |TAMS 0x0000000084500000| PB 0x0000000084500000| Complete 
|   2|0x0000000084600000, 0x0000000084700000, 0x0000000084700000|100%|HC|  |TAMS 0x0000000084600000| PB 0x0000000084600000| Complete 
|   3|0x0000000084700000, 0x0000000084700000, 0x0000000084800000|  0%| F|  |TAMS 0x0000000084700000| PB 0x0000000084700000| Untracked 
|   4|0x0000000084800000, 0x0000000084800000, 0x0000000084900000|  0%| F|  |TAMS 0x0000000084800000| PB 0x0000000084800000| Untracked 
|   5|0x0000000084900000, 0x0000000084900000, 0x0000000084a00000|  0%| F|  |TAMS 0x0000000084900000| PB 0x0000000084900000| Untracked 
|   6|0x0000000084a00000, 0x0000000084a00000, 0x0000000084b00000|  0%| F|  |TAMS 0x0000000084a00000| PB 0x0000000084a00000| Untracked 
|   7|0x0000000084b00000, 0x0000000084b00000, 0x0000000084c00000|  0%| F|  |TAMS 0x0000000084b00000| PB 0x0000000084b00000| Untracked 
|   8|0x0000000084c00000, 0x0000000084c00000, 0x0000000084d00000|  0%| F|  |TAMS 0x0000000084c00000| PB 0x0000000084c00000| Untracked 
|   9|0x0000000084d00000, 0x0000000084d00000, 0x0000000084e00000|  0%| F|  |TAMS 0x0000000084d00000| PB 0x0000000084d00000| Untracked 
|  10|0x0000000084e00000, 0x0000000084e00000, 0x0000000084f00000|  0%| F|  |TAMS 0x0000000084e00000| PB 0x0000000084e00000| Untracked 
|  11|0x0000000084f00000, 0x0000000084f00000, 0x0000000085000000|  0%| F|  |TAMS 0x0000000084f00000| PB 0x0000000084f00000| Untracked 
|  12|0x0000000085000000, 0x0000000085000000, 0x0000000085100000|  0%| F|  |TAMS 0x0000000085000000| PB 0x0000000085000000| Untracked 
|  13|0x0000000085100000, 0x0000000085100000, 0x0000000085200000|  0%| F|  |TAMS 0x0000000085100000| PB 0x0000000085100000| Untracked 
|  14|0x0000000085200000, 0x0000000085200000, 0x0000000085300000|  0%| F|  |TAMS 0x0000000085200000| PB 0x0000000085200000| Untracked 
|  15|0x0000000085300000, 0x0000000085300000, 0x0000000085400000|  0%| F|  |TAMS 0x0000000085300000| PB 0x0000000085300000| Untracked 
|  16|0x0000000085400000, 0x0000000085400000, 0x0000000085500000|  0%| F|  |TAMS 0x0000000085400000| PB 0x0000000085400000| Untracked 
|  17|0x0000000085500000, 0x0000000085500000, 0x0000000085600000|  0%| F|  |TAMS 0x0000000085500000| PB 0x0000000085500000| Untracked 
|  18|0x0000000085600000, 0x0000000085600000, 0x0000000085700000|  0%| F|  |TAMS 0x0000000085600000| PB 0x0000000085600000| Untracked 
|  19|0x0000000085700000, 0x0000000085700000, 0x0000000085800000|  0%| F|  |TAMS 0x0000000085700000| PB 0x0000000085700000| Untracked 
|  20|0x0000000085800000, 0x0000000085800000, 0x0000000085900000|  0%| F|  |TAMS 0x0000000085800000| PB 0x0000000085800000| Untracked 
|  21|0x0000000085900000, 0x0000000085900000, 0x0000000085a00000|  0%| F|  |TAMS 0x0000000085900000| PB 0x0000000085900000| Untracked 
|  22|0x0000000085a00000, 0x0000000085a00000, 0x0000000085b00000|  0%| F|  |TAMS 0x0000000085a00000| PB 0x0000000085a00000| Untracked 
|  23|0x0000000085b00000, 0x0000000085b00000, 0x0000000085c00000|  0%| F|  |TAMS 0x0000000085b00000| PB 0x0000000085b00000| Untracked 
|  24|0x0000000085c00000, 0x0000000085c00000, 0x0000000085d00000|  0%| F|  |TAMS 0x0000000085c00000| PB 0x0000000085c00000| Untracked 
|  25|0x0000000085d00000, 0x0000000085d00000, 0x0000000085e00000|  0%| F|  |TAMS 0x0000000085d00000| PB 0x0000000085d00000| Untracked 
|  26|0x0000000085e00000, 0x0000000085e00000, 0x0000000085f00000|  0%| F|  |TAMS 0x0000000085e00000| PB 0x0000000085e00000| Untracked 
|  27|0x0000000085f00000, 0x0000000085f00000, 0x0000000086000000|  0%| F|  |TAMS 0x0000000085f00000| PB 0x0000000085f00000| Untracked 
|  28|0x0000000086000000, 0x0000000086000000, 0x0000000086100000|  0%| F|  |TAMS 0x0000000086000000| PB 0x0000000086000000| Untracked 
|  29|0x0000000086100000, 0x0000000086100000, 0x0000000086200000|  0%| F|  |TAMS 0x0000000086100000| PB 0x0000000086100000| Untracked 
|  30|0x0000000086200000, 0x0000000086200000, 0x0000000086300000|  0%| F|  |TAMS 0x0000000086200000| PB 0x0000000086200000| Untracked 
|  31|0x0000000086300000, 0x0000000086300000, 0x0000000086400000|  0%| F|  |TAMS 0x0000000086300000| PB 0x0000000086300000| Untracked 
|  32|0x0000000086400000, 0x0000000086400000, 0x0000000086500000|  0%| F|  |TAMS 0x0000000086400000| PB 0x0000000086400000| Untracked 
|  33|0x0000000086500000, 0x0000000086500000, 0x0000000086600000|  0%| F|  |TAMS 0x0000000086500000| PB 0x0000000086500000| Untracked 
|  34|0x0000000086600000, 0x0000000086600000, 0x0000000086700000|  0%| F|  |TAMS 0x0000000086600000| PB 0x0000000086600000| Untracked 
|  35|0x0000000086700000, 0x0000000086700000, 0x0000000086800000|  0%| F|  |TAMS 0x0000000086700000| PB 0x0000000086700000| Untracked 
|  36|0x0000000086800000, 0x0000000086800000, 0x0000000086900000|  0%| F|  |TAMS 0x0000000086800000| PB 0x0000000086800000| Untracked 
|  37|0x0000000086900000, 0x0000000086900000, 0x0000000086a00000|  0%| F|  |TAMS 0x0000000086900000| PB 0x0000000086900000| Untracked 
|  38|0x0000000086a00000, 0x0000000086a00000, 0x0000000086b00000|  0%| F|  |TAMS 0x0000000086a00000| PB 0x0000000086a00000| Untracked 
|  39|0x0000000086b00000, 0x0000000086b00000, 0x0000000086c00000|  0%| F|  |TAMS 0x0000000086b00000| PB 0x0000000086b00000| Untracked 
|  40|0x0000000086c00000, 0x0000000086c00000, 0x0000000086d00000|  0%| F|  |TAMS 0x0000000086c00000| PB 0x0000000086c00000| Untracked 
|  41|0x0000000086d00000, 0x0000000086d00000, 0x0000000086e00000|  0%| F|  |TAMS 0x0000000086d00000| PB 0x0000000086d00000| Untracked 
|  42|0x0000000086e00000, 0x0000000086e00000, 0x0000000086f00000|  0%| F|  |TAMS 0x0000000086e00000| PB 0x0000000086e00000| Untracked 
|  43|0x0000000086f00000, 0x0000000086f00000, 0x0000000087000000|  0%| F|  |TAMS 0x0000000086f00000| PB 0x0000000086f00000| Untracked 
|  44|0x0000000087000000, 0x0000000087000000, 0x0000000087100000|  0%| F|  |TAMS 0x0000000087000000| PB 0x0000000087000000| Untracked 
|  45|0x0000000087100000, 0x0000000087100000, 0x0000000087200000|  0%| F|  |TAMS 0x0000000087100000| PB 0x0000000087100000| Untracked 
|  46|0x0000000087200000, 0x0000000087200000, 0x0000000087300000|  0%| F|  |TAMS 0x0000000087200000| PB 0x0000000087200000| Untracked 
|  47|0x0000000087300000, 0x0000000087300000, 0x0000000087400000|  0%| F|  |TAMS 0x0000000087300000| PB 0x0000000087300000| Untracked 
|  48|0x0000000087400000, 0x0000000087400000, 0x0000000087500000|  0%| F|  |TAMS 0x0000000087400000| PB 0x0000000087400000| Untracked 
|  49|0x0000000087500000, 0x0000000087500000, 0x0000000087600000|  0%| F|  |TAMS 0x0000000087500000| PB 0x0000000087500000| Untracked 
|  50|0x0000000087600000, 0x0000000087600000, 0x0000000087700000|  0%| F|  |TAMS 0x0000000087600000| PB 0x0000000087600000| Untracked 
|  51|0x0000000087700000, 0x0000000087700000, 0x0000000087800000|  0%| F|  |TAMS 0x0000000087700000| PB 0x0000000087700000| Untracked 
|  52|0x0000000087800000, 0x0000000087800000, 0x0000000087900000|  0%| F|  |TAMS 0x0000000087800000| PB 0x0000000087800000| Untracked 
|  53|0x0000000087900000, 0x0000000087900000, 0x0000000087a00000|  0%| F|  |TAMS 0x0000000087900000| PB 0x0000000087900000| Untracked 
|  54|0x0000000087a00000, 0x0000000087a00000, 0x0000000087b00000|  0%| F|  |TAMS 0x0000000087a00000| PB 0x0000000087a00000| Untracked 
|  55|0x0000000087b00000, 0x0000000087b00000, 0x0000000087c00000|  0%| F|  |TAMS 0x0000000087b00000| PB 0x0000000087b00000| Untracked 
|  56|0x0000000087c00000, 0x0000000087c00000, 0x0000000087d00000|  0%| F|  |TAMS 0x0000000087c00000| PB 0x0000000087c00000| Untracked 
|  57|0x0000000087d00000, 0x0000000087d00000, 0x0000000087e00000|  0%| F|  |TAMS 0x0000000087d00000| PB 0x0000000087d00000| Untracked 
|  58|0x0000000087e00000, 0x0000000087e00000, 0x0000000087f00000|  0%| F|  |TAMS 0x0000000087e00000| PB 0x0000000087e00000| Untracked 
|  59|0x0000000087f00000, 0x0000000087f00000, 0x0000000088000000|  0%| F|  |TAMS 0x0000000087f00000| PB 0x0000000087f00000| Untracked 
|  60|0x0000000088000000, 0x0000000088000000, 0x0000000088100000|  0%| F|  |TAMS 0x0000000088000000| PB 0x0000000088000000| Untracked 
|  61|0x0000000088100000, 0x0000000088100000, 0x0000000088200000|  0%| F|  |TAMS 0x0000000088100000| PB 0x0000000088100000| Untracked 
|  62|0x0000000088200000, 0x0000000088200000, 0x0000000088300000|  0%| F|  |TAMS 0x0000000088200000| PB 0x0000000088200000| Untracked 
|  63|0x0000000088300000, 0x0000000088300000, 0x0000000088400000|  0%| F|  |TAMS 0x0000000088300000| PB 0x0000000088300000| Untracked 
|  64|0x0000000088400000, 0x0000000088400000, 0x0000000088500000|  0%| F|  |TAMS 0x0000000088400000| PB 0x0000000088400000| Untracked 
|  65|0x0000000088500000, 0x0000000088500000, 0x0000000088600000|  0%| F|  |TAMS 0x0000000088500000| PB 0x0000000088500000| Untracked 
|  66|0x0000000088600000, 0x0000000088600000, 0x0000000088700000|  0%| F|  |TAMS 0x0000000088600000| PB 0x0000000088600000| Untracked 
|  67|0x0000000088700000, 0x0000000088700000, 0x0000000088800000|  0%| F|  |TAMS 0x0000000088700000| PB 0x0000000088700000| Untracked 
|  68|0x0000000088800000, 0x0000000088800000, 0x0000000088900000|  0%| F|  |TAMS 0x0000000088800000| PB 0x0000000088800000| Untracked 
|  69|0x0000000088900000, 0x0000000088900000, 0x0000000088a00000|  0%| F|  |TAMS 0x0000000088900000| PB 0x0000000088900000| Untracked 
|  70|0x0000000088a00000, 0x0000000088a00000, 0x0000000088b00000|  0%| F|  |TAMS 0x0000000088a00000| PB 0x0000000088a00000| Untracked 
|  71|0x0000000088b00000, 0x0000000088b00000, 0x0000000088c00000|  0%| F|  |TAMS 0x0000000088b00000| PB 0x0000000088b00000| Untracked 
|  72|0x0000000088c00000, 0x0000000088c00000, 0x0000000088d00000|  0%| F|  |TAMS 0x0000000088c00000| PB 0x0000000088c00000| Untracked 
|  73|0x0000000088d00000, 0x0000000088d00000, 0x0000000088e00000|  0%| F|  |TAMS 0x0000000088d00000| PB 0x0000000088d00000| Untracked 
|  74|0x0000000088e00000, 0x0000000088e00000, 0x0000000088f00000|  0%| F|  |TAMS 0x0000000088e00000| PB 0x0000000088e00000| Untracked 
|  75|0x0000000088f00000, 0x0000000088f00000, 0x0000000089000000|  0%| F|  |TAMS 0x0000000088f00000| PB 0x0000000088f00000| Untracked 
|  76|0x0000000089000000, 0x0000000089000000, 0x0000000089100000|  0%| F|  |TAMS 0x0000000089000000| PB 0x0000000089000000| Untracked 
|  77|0x0000000089100000, 0x0000000089100000, 0x0000000089200000|  0%| F|  |TAMS 0x0000000089100000| PB 0x0000000089100000| Untracked 
|  78|0x0000000089200000, 0x0000000089200000, 0x0000000089300000|  0%| F|  |TAMS 0x0000000089200000| PB 0x0000000089200000| Untracked 
|  79|0x0000000089300000, 0x0000000089300000, 0x0000000089400000|  0%| F|  |TAMS 0x0000000089300000| PB 0x0000000089300000| Untracked 
|  80|0x0000000089400000, 0x0000000089400000, 0x0000000089500000|  0%| F|  |TAMS 0x0000000089400000| PB 0x0000000089400000| Untracked 
|  81|0x0000000089500000, 0x0000000089500000, 0x0000000089600000|  0%| F|  |TAMS 0x0000000089500000| PB 0x0000000089500000| Untracked 
|  82|0x0000000089600000, 0x0000000089600000, 0x0000000089700000|  0%| F|  |TAMS 0x0000000089600000| PB 0x0000000089600000| Untracked 
|  83|0x0000000089700000, 0x0000000089700000, 0x0000000089800000|  0%| F|  |TAMS 0x0000000089700000| PB 0x0000000089700000| Untracked 
|  84|0x0000000089800000, 0x0000000089800000, 0x0000000089900000|  0%| F|  |TAMS 0x0000000089800000| PB 0x0000000089800000| Untracked 
|  85|0x0000000089900000, 0x0000000089900000, 0x0000000089a00000|  0%| F|  |TAMS 0x0000000089900000| PB 0x0000000089900000| Untracked 
|  86|0x0000000089a00000, 0x0000000089a00000, 0x0000000089b00000|  0%| F|  |TAMS 0x0000000089a00000| PB 0x0000000089a00000| Untracked 
|  87|0x0000000089b00000, 0x0000000089b00000, 0x0000000089c00000|  0%| F|  |TAMS 0x0000000089b00000| PB 0x0000000089b00000| Untracked 
|  88|0x0000000089c00000, 0x0000000089c00000, 0x0000000089d00000|  0%| F|  |TAMS 0x0000000089c00000| PB 0x0000000089c00000| Untracked 
|  89|0x0000000089d00000, 0x0000000089d00000, 0x0000000089e00000|  0%| F|  |TAMS 0x0000000089d00000| PB 0x0000000089d00000| Untracked 
|  90|0x0000000089e00000, 0x0000000089e00000, 0x0000000089f00000|  0%| F|  |TAMS 0x0000000089e00000| PB 0x0000000089e00000| Untracked 
|  91|0x0000000089f00000, 0x0000000089f00000, 0x000000008a000000|  0%| F|  |TAMS 0x0000000089f00000| PB 0x0000000089f00000| Untracked 
|  92|0x000000008a000000, 0x000000008a000000, 0x000000008a100000|  0%| F|  |TAMS 0x000000008a000000| PB 0x000000008a000000| Untracked 
|  93|0x000000008a100000, 0x000000008a100000, 0x000000008a200000|  0%| F|  |TAMS 0x000000008a100000| PB 0x000000008a100000| Untracked 
|  94|0x000000008a200000, 0x000000008a200000, 0x000000008a300000|  0%| F|  |TAMS 0x000000008a200000| PB 0x000000008a200000| Untracked 
|  95|0x000000008a300000, 0x000000008a300000, 0x000000008a400000|  0%| F|  |TAMS 0x000000008a300000| PB 0x000000008a300000| Untracked 
|  96|0x000000008a400000, 0x000000008a400000, 0x000000008a500000|  0%| F|  |TAMS 0x000000008a400000| PB 0x000000008a400000| Untracked 
|  97|0x000000008a500000, 0x000000008a500000, 0x000000008a600000|  0%| F|  |TAMS 0x000000008a500000| PB 0x000000008a500000| Untracked 
|  98|0x000000008a600000, 0x000000008a600000, 0x000000008a700000|  0%| F|  |TAMS 0x000000008a600000| PB 0x000000008a600000| Untracked 
|  99|0x000000008a700000, 0x000000008a700000, 0x000000008a800000|  0%| F|  |TAMS 0x000000008a700000| PB 0x000000008a700000| Untracked 
| 100|0x000000008a800000, 0x000000008a800000, 0x000000008a900000|  0%| F|  |TAMS 0x000000008a800000| PB 0x000000008a800000| Untracked 
| 101|0x000000008a900000, 0x000000008a900000, 0x000000008aa00000|  0%| F|  |TAMS 0x000000008a900000| PB 0x000000008a900000| Untracked 
| 102|0x000000008aa00000, 0x000000008aa00000, 0x000000008ab00000|  0%| F|  |TAMS 0x000000008aa00000| PB 0x000000008aa00000| Untracked 
| 103|0x000000008ab00000, 0x000000008ab00000, 0x000000008ac00000|  0%| F|  |TAMS 0x000000008ab00000| PB 0x000000008ab00000| Untracked 
| 104|0x000000008ac00000, 0x000000008ac00000, 0x000000008ad00000|  0%| F|  |TAMS 0x000000008ac00000| PB 0x000000008ac00000| Untracked 
| 105|0x000000008ad00000, 0x000000008ad00000, 0x000000008ae00000|  0%| F|  |TAMS 0x000000008ad00000| PB 0x000000008ad00000| Untracked 
| 106|0x000000008ae00000, 0x000000008ae00000, 0x000000008af00000|  0%| F|  |TAMS 0x000000008ae00000| PB 0x000000008ae00000| Untracked 
| 107|0x000000008af00000, 0x000000008af00000, 0x000000008b000000|  0%| F|  |TAMS 0x000000008af00000| PB 0x000000008af00000| Untracked 
| 108|0x000000008b000000, 0x000000008b000000, 0x000000008b100000|  0%| F|  |TAMS 0x000000008b000000| PB 0x000000008b000000| Untracked 
| 109|0x000000008b100000, 0x000000008b100000, 0x000000008b200000|  0%| F|  |TAMS 0x000000008b100000| PB 0x000000008b100000| Untracked 
| 110|0x000000008b200000, 0x000000008b200000, 0x000000008b300000|  0%| F|  |TAMS 0x000000008b200000| PB 0x000000008b200000| Untracked 
| 111|0x000000008b300000, 0x000000008b300000, 0x000000008b400000|  0%| F|  |TAMS 0x000000008b300000| PB 0x000000008b300000| Untracked 
| 112|0x000000008b400000, 0x000000008b400000, 0x000000008b500000|  0%| F|  |TAMS 0x000000008b400000| PB 0x000000008b400000| Untracked 
| 113|0x000000008b500000, 0x000000008b500000, 0x000000008b600000|  0%| F|  |TAMS 0x000000008b500000| PB 0x000000008b500000| Untracked 
| 114|0x000000008b600000, 0x000000008b6ebc40, 0x000000008b700000| 92%| E|  |TAMS 0x000000008b600000| PB 0x000000008b600000| Complete 
| 115|0x000000008b700000, 0x000000008b800000, 0x000000008b800000|100%| E|CS|TAMS 0x000000008b700000| PB 0x000000008b700000| Complete 
| 116|0x000000008b800000, 0x000000008b900000, 0x000000008b900000|100%| E|CS|TAMS 0x000000008b800000| PB 0x000000008b800000| Complete 
| 117|0x000000008b900000, 0x000000008ba00000, 0x000000008ba00000|100%| E|CS|TAMS 0x000000008b900000| PB 0x000000008b900000| Complete 
| 118|0x000000008ba00000, 0x000000008bb00000, 0x000000008bb00000|100%| E|CS|TAMS 0x000000008ba00000| PB 0x000000008ba00000| Complete 
| 119|0x000000008bb00000, 0x000000008bc00000, 0x000000008bc00000|100%| E|CS|TAMS 0x000000008bb00000| PB 0x000000008bb00000| Complete 
| 120|0x000000008bc00000, 0x000000008bd00000, 0x000000008bd00000|100%| E|CS|TAMS 0x000000008bc00000| PB 0x000000008bc00000| Complete 
| 121|0x000000008bd00000, 0x000000008be00000, 0x000000008be00000|100%| E|CS|TAMS 0x000000008bd00000| PB 0x000000008bd00000| Complete 
| 122|0x000000008be00000, 0x000000008bf00000, 0x000000008bf00000|100%| E|CS|TAMS 0x000000008be00000| PB 0x000000008be00000| Complete 
| 123|0x000000008bf00000, 0x000000008c000000, 0x000000008c000000|100%| E|CS|TAMS 0x000000008bf00000| PB 0x000000008bf00000| Complete 

Card table byte_map: [0x000001c9972c0000,0x000001c9976a0000] _byte_map_base: 0x000001c996e9e000

Marking Bits: (CMBitMap*) 0x000001c98424c6a0
 Bits: [0x000001c9976a0000, 0x000001c999590000)

Polling page: 0x000001c982030000

Metaspace:

Usage:
  Non-class:      8.62 MB used.
      Class:      1.14 MB used.
       Both:      9.76 MB used.

Virtual space:
  Non-class space:       64.00 MB reserved,       8.75 MB ( 14%) committed,  1 nodes.
      Class space:        1.00 GB reserved,       1.25 MB ( <1%) committed,  1 nodes.
             Both:        1.06 GB reserved,      10.00 MB ( <1%) committed. 

Chunk freelists:
   Non-Class:  6.96 MB
       Class:  14.73 MB
        Both:  21.70 MB

MaxMetaspaceSize: unlimited
CompressedClassSpaceSize: 1.00 GB
Initial GC threshold: 21.00 MB
Current GC threshold: 21.00 MB
CDS: on
 - commit_granule_bytes: 65536.
 - commit_granule_words: 8192.
 - virtual_space_node_default_size: 8388608.
 - enlarge_chunks_in_place: 1.
 - use_allocation_guard: 0.


Internal statistics:

num_allocs_failed_limit: 0.
num_arena_births: 164.
num_arena_deaths: 0.
num_vsnodes_births: 2.
num_vsnodes_deaths: 0.
num_space_committed: 160.
num_space_uncommitted: 0.
num_chunks_returned_to_freelist: 0.
num_chunks_taken_from_freelist: 220.
num_chunk_merges: 0.
num_chunk_splits: 125.
num_chunks_enlarged: 53.
num_inconsistent_stats: 0.

CodeHeap 'non-profiled nmethods': size=120000Kb used=318Kb max_used=318Kb free=119681Kb
 bounds [0x000001c98f680000, 0x000001c98f8f0000, 0x000001c996bb0000]
CodeHeap 'profiled nmethods': size=120000Kb used=1717Kb max_used=1717Kb free=118282Kb
 bounds [0x000001c987bb0000, 0x000001c987e20000, 0x000001c98f0e0000]
CodeHeap 'non-nmethods': size=5760Kb used=1472Kb max_used=1488Kb free=4287Kb
 bounds [0x000001c98f0e0000, 0x000001c98f350000, 0x000001c98f680000]
CodeCache: size=245760Kb, used=3507Kb, max_used=3523Kb, free=242250Kb
 total_blobs=1764, nmethods=1130, adapters=539, full_count=0
Compilation: enabled, stopped_count=0, restarted_count=0

Compilation events (20 events):
Event: 2.842 Thread 0x000001c99bff9810 1115       4       java.util.regex.Matcher::search (154 bytes)
Event: 2.842 Thread 0x000001c99bffc950 1116       3       java.util.ImmutableCollections$SetN::<init> (90 bytes)
Event: 2.843 Thread 0x000001c99bffc950 nmethod 1116 0x000001c987d56810 code [0x000001c987d56ac0, 0x000001c987d577d8]
Event: 2.843 Thread 0x000001c99bffc950 1117       3       java.util.regex.Pattern::has (15 bytes)
Event: 2.843 Thread 0x000001c99bffc950 nmethod 1117 0x000001c987d57c90 code [0x000001c987d57e20, 0x000001c987d57f88]
Event: 2.845 Thread 0x000001c99bffc950 1118       3       java.lang.String::indexOf (37 bytes)
Event: 2.845 Thread 0x000001c99bffc950 nmethod 1118 0x000001c987d58010 code [0x000001c987d58220, 0x000001c987d586a0]
Event: 2.847 Thread 0x000001c99bffc950 1119       3       java.util.Locale::equals (75 bytes)
Event: 2.848 Thread 0x000001c99bffc950 nmethod 1119 0x000001c987d58890 code [0x000001c987d58aa0, 0x000001c987d591e0]
Event: 2.853 Thread 0x000001c99bffc950 1121       1       java.awt.Component::getComponentOrientation (5 bytes)
Event: 2.853 Thread 0x000001c99bffc950 nmethod 1121 0x000001c98f6cd410 code [0x000001c98f6cd5a0, 0x000001c98f6cd670]
Event: 2.853 Thread 0x000001c99bffc950 1122       3       java.lang.String::getChars (55 bytes)
Event: 2.853 Thread 0x000001c99bffc950 nmethod 1122 0x000001c987d59390 code [0x000001c987d595c0, 0x000001c987d59cc8]
Event: 2.854 Thread 0x000001c99bffc950 1123       3       java.lang.StringLatin1::getChars (12 bytes)
Event: 2.854 Thread 0x000001c99bffc950 nmethod 1123 0x000001c987d5a010 code [0x000001c987d5a1c0, 0x000001c987d5a2e8]
Event: 2.854 Thread 0x000001c99bffc950 1124  s    1       java.util.Vector::size (5 bytes)
Event: 2.854 Thread 0x000001c99bffc950 nmethod 1124 0x000001c98f6cd710 code [0x000001c98f6cd8a0, 0x000001c98f6cda28]
Event: 2.854 Thread 0x000001c99bffc950 1125       3       sun.font.FontUtilities::isComplexText (38 bytes)
Event: 2.855 Thread 0x000001c99bffc950 nmethod 1125 0x000001c987d5a390 code [0x000001c987d5a560, 0x000001c987d5a920]
Event: 2.855 Thread 0x000001c99bffc950 1127       3       sun.font.FontDesignMetrics::getSimpleBounds (97 bytes)

GC Heap History (0 events):
No events

Dll operation events (10 events):
Event: 0.008 Loaded shared library C:\Users\camil\.p2\pool\plugins\org.eclipse.justj.openjdk.hotspot.jre.full.win32.x86_64_21.0.10.v20260205-0638\jre\bin\java.dll
Event: 0.044 Loaded shared library C:\Users\camil\.p2\pool\plugins\org.eclipse.justj.openjdk.hotspot.jre.full.win32.x86_64_21.0.10.v20260205-0638\jre\bin\zip.dll
Event: 0.142 Loaded shared library C:\Users\camil\eclipse-workspace\projetoPOO-CG\lib\motor.dll
Event: 0.161 Loaded shared library C:\Users\camil\.p2\pool\plugins\org.eclipse.justj.openjdk.hotspot.jre.full.win32.x86_64_21.0.10.v20260205-0638\jre\bin\jimage.dll
Event: 0.163 Loaded shared library C:\Users\camil\.p2\pool\plugins\org.eclipse.justj.openjdk.hotspot.jre.full.win32.x86_64_21.0.10.v20260205-0638\jre\bin\awt.dll
Event: 0.386 Loaded shared library C:\Users\camil\.p2\pool\plugins\org.eclipse.justj.openjdk.hotspot.jre.full.win32.x86_64_21.0.10.v20260205-0638\jre\bin\freetype.dll
Event: 0.387 Loaded shared library C:\Users\camil\.p2\pool\plugins\org.eclipse.justj.openjdk.hotspot.jre.full.win32.x86_64_21.0.10.v20260205-0638\jre\bin\fontmanager.dll
Event: 0.405 Loaded shared library C:\Users\camil\.p2\pool\plugins\org.eclipse.justj.openjdk.hotspot.jre.full.win32.x86_64_21.0.10.v20260205-0638\jre\bin\net.dll
Event: 0.407 Loaded shared library C:\Users\camil\.p2\pool\plugins\org.eclipse.justj.openjdk.hotspot.jre.full.win32.x86_64_21.0.10.v20260205-0638\jre\bin\nio.dll
Event: 2.837 Loaded shared library C:\Users\camil\.p2\pool\plugins\org.eclipse.justj.openjdk.hotspot.jre.full.win32.x86_64_21.0.10.v20260205-0638\jre\bin\zip.dll

Deoptimization events (20 events):
Event: 0.665 Thread 0x000001c99c344b70 DEOPT PACKING pc=0x000001c98f6bb750 sp=0x00000046ac2fde10
Event: 0.665 Thread 0x000001c99c344b70 DEOPT UNPACKING pc=0x000001c98f134422 sp=0x00000046ac2fdd80 mode 2
Event: 0.678 Thread 0x000001c99c344b70 DEOPT PACKING pc=0x000001c987cdec54 sp=0x00000046ac2fddc0
Event: 0.678 Thread 0x000001c99c344b70 DEOPT UNPACKING pc=0x000001c98f134bc2 sp=0x00000046ac2fd248 mode 0
Event: 0.742 Thread 0x000001c99c344b70 Uncommon trap: trap_request=0xffffff76 fr.pc=0x000001c98f6c2db8 relative=0x0000000000000218
Event: 0.742 Thread 0x000001c99c344b70 Uncommon trap: reason=predicate action=maybe_recompile pc=0x000001c98f6c2db8 method=java.util.ArrayList.indexOfRange(Ljava/lang/Object;II)I @ 45 c2
Event: 0.742 Thread 0x000001c99c344b70 DEOPT PACKING pc=0x000001c98f6c2db8 sp=0x00000046ac2fd970
Event: 0.742 Thread 0x000001c99c344b70 DEOPT UNPACKING pc=0x000001c98f134422 sp=0x00000046ac2fd8e8 mode 2
Event: 2.705 Thread 0x000001c99c344b70 Uncommon trap: trap_request=0xffffffde fr.pc=0x000001c98f6a43c8 relative=0x00000000000001a8
Event: 2.705 Thread 0x000001c99c344b70 Uncommon trap: reason=class_check action=maybe_recompile pc=0x000001c98f6a43c8 method=java.lang.String.equals(Ljava/lang/Object;)Z @ 8 c2
Event: 2.705 Thread 0x000001c99c344b70 DEOPT PACKING pc=0x000001c98f6a43c8 sp=0x00000046ac2fe4d0
Event: 2.705 Thread 0x000001c99c344b70 DEOPT UNPACKING pc=0x000001c98f134422 sp=0x00000046ac2fe458 mode 2
Event: 2.835 Thread 0x000001c99c344b70 Uncommon trap: trap_request=0xffffff45 fr.pc=0x000001c98f6bea2c relative=0x000000000000008c
Event: 2.835 Thread 0x000001c99c344b70 Uncommon trap: reason=unstable_if action=reinterpret pc=0x000001c98f6bea2c method=jdk.internal.misc.Unsafe.convEndian(ZI)I @ 4 c2
Event: 2.835 Thread 0x000001c99c344b70 DEOPT PACKING pc=0x000001c98f6bea2c sp=0x00000046ac2fccc0
Event: 2.835 Thread 0x000001c99c344b70 DEOPT UNPACKING pc=0x000001c98f134422 sp=0x00000046ac2fcbc8 mode 2
Event: 2.838 Thread 0x000001c99c344b70 Uncommon trap: trap_request=0xffffff45 fr.pc=0x000001c98f6b3bd4 relative=0x0000000000000234
Event: 2.838 Thread 0x000001c99c344b70 Uncommon trap: reason=unstable_if action=reinterpret pc=0x000001c98f6b3bd4 method=java.lang.StringLatin1.indexOf([BIII)I @ 24 c2
Event: 2.838 Thread 0x000001c99c344b70 DEOPT PACKING pc=0x000001c98f6b3bd4 sp=0x00000046ac2fcdd0
Event: 2.838 Thread 0x000001c99c344b70 DEOPT UNPACKING pc=0x000001c98f134422 sp=0x00000046ac2fcce8 mode 2

Classes loaded (20 events):
Event: 2.838 Loading class sun/net/www/protocol/jrt/Handler
Event: 2.839 Loading class sun/net/www/protocol/jrt/Handler done
Event: 2.843 Loading class sun/util/resources/LocaleData$CommonResourceBundleProvider
Event: 2.843 Loading class sun/util/resources/LocaleData$LocaleDataResourceBundleProvider
Event: 2.843 Loading class java/util/spi/ResourceBundleProvider
Event: 2.843 Loading class java/util/spi/ResourceBundleProvider done
Event: 2.843 Loading class sun/util/resources/LocaleData$LocaleDataResourceBundleProvider done
Event: 2.843 Loading class sun/util/resources/LocaleData$CommonResourceBundleProvider done
Event: 2.844 Loading class sun/util/resources/Bundles$2
Event: 2.844 Loading class sun/util/resources/Bundles$2 done
Event: 2.845 Loading class java/lang/InstantiationException
Event: 2.845 Loading class java/lang/InstantiationException done
Event: 2.845 Loading class java/lang/IllegalAccessException
Event: 2.845 Loading class java/lang/IllegalAccessException done
Event: 2.851 Loading class jdk/internal/math/FormattedFPDecimal
Event: 2.851 Loading class jdk/internal/math/FormattedFPDecimal done
Event: 2.853 Loading class javax/swing/text/GapContent$RemoveUndo
Event: 2.854 Loading class javax/swing/text/GapContent$RemoveUndo done
Event: 2.854 Loading class javax/swing/text/GapContent$UndoPosRef
Event: 2.854 Loading class javax/swing/text/GapContent$UndoPosRef done

Classes unloaded (0 events):
No events

Classes redefined (0 events):
No events

Internal exceptions (15 events):
Event: 0.144 Thread 0x000001c981ed1220 Exception <a 'java/lang/NoSuchMethodError'{0x000000008be9af20}: 'void java.lang.invoke.DirectMethodHandle$Holder.invokeStatic(java.lang.Object, java.lang.Object)'> (0x000000008be9af20) 
thrown [s\src\hotspot\share\interpreter\linkResolver.cpp, line 773]
Event: 0.152 Thread 0x000001c981ed1220 Exception <a 'java/lang/ClassNotFoundException'{0x000000008beae228}: sun/awt/resources/spi/awtProvider> (0x000000008beae228) 
thrown [s\src\hotspot\share\classfile\systemDictionary.cpp, line 312]
Event: 0.173 Thread 0x000001c981ed1220 Exception <a 'java/io/FileNotFoundException'{0x000000008bd284b0}> (0x000000008bd284b0) 
thrown [s\src\hotspot\share\prims\jni.cpp, line 520]
Event: 0.177 Thread 0x000001c981ed1220 Exception <a 'java/io/FileNotFoundException'{0x000000008bd52e60}> (0x000000008bd52e60) 
thrown [s\src\hotspot\share\prims\jni.cpp, line 520]
Event: 0.274 Thread 0x000001c99c344b70 Exception <a 'java/lang/NoSuchMethodError'{0x000000008bcb85c8}: 'void java.lang.invoke.DirectMethodHandle$Holder.invokeSpecial(java.lang.Object, java.lang.Object, java.lang.Object)'> (0x000000008bcb85c8) 
thrown [s\src\hotspot\share\interpreter\linkResolver.cpp, line 773]
Event: 0.279 Thread 0x000001c99c344b70 Exception <a 'java/lang/NoSuchMethodError'{0x000000008bcde728}: 'java.lang.Object java.lang.invoke.DirectMethodHandle$Holder.newInvokeSpecial(java.lang.Object, java.lang.Object, java.lang.Object, java.lang.Object, java.lang.Object)'> (0x000000008bcde728) 
thrown [s\src\hotspot\share\interpreter\linkResolver.cpp, line 773]
Event: 0.285 Thread 0x000001c99c344b70 Exception <a 'java/lang/NoSuchMethodError'{0x000000008bb1f800}: 'java.lang.Object java.lang.invoke.DirectMethodHandle$Holder.invokeStatic(java.lang.Object, int, java.lang.Object)'> (0x000000008bb1f800) 
thrown [s\src\hotspot\share\interpreter\linkResolver.cpp, line 773]
Event: 0.298 Thread 0x000001c99c344b70 Exception <a 'java/lang/ClassNotFoundException'{0x000000008bbc0d10}: com/sun/swing/internal/plaf/metal/resources/spi/metalProvider> (0x000000008bbc0d10) 
thrown [s\src\hotspot\share\classfile\systemDictionary.cpp, line 312]
Event: 0.300 Thread 0x000001c99c344b70 Exception <a 'java/lang/ClassNotFoundException'{0x000000008bbc5a48}: com/sun/swing/internal/plaf/basic/resources/spi/basicProvider> (0x000000008bbc5a48) 
thrown [s\src\hotspot\share\classfile\systemDictionary.cpp, line 312]
Event: 0.309 Thread 0x000001c99c344b70 Exception <a 'java/lang/NoSuchMethodError'{0x000000008bbe89a8}: 'int java.lang.invoke.Invokers$Holder.invokeExact_MT(java.lang.Object, java.lang.Object)'> (0x000000008bbe89a8) 
thrown [s\src\hotspot\share\interpreter\linkResolver.cpp, line 773]
Event: 0.357 Thread 0x000001c99c344b70 Exception <a 'java/lang/NoSuchMethodError'{0x000000008ba2c368}: 'void java.lang.invoke.DirectMethodHandle$Holder.invokeStatic(java.lang.Object, java.lang.Object, java.lang.Object, java.lang.Object)'> (0x000000008ba2c368) 
thrown [s\src\hotspot\share\interpreter\linkResolver.cpp, line 773]
Event: 0.426 Thread 0x000001c99c344b70 Exception <a 'java/lang/NoSuchMethodError'{0x000000008bae0200}: 'void java.lang.invoke.DirectMethodHandle$Holder.invokeSpecial(java.lang.Object, java.lang.Object, java.lang.Object, java.lang.Object, java.lang.Object)'> (0x000000008bae0200) 
thrown [s\src\hotspot\share\interpreter\linkResolver.cpp, line 773]
Event: 0.448 Thread 0x000001c99c344b70 Exception <a 'java/lang/NoSuchMethodError'{0x000000008b91b900}: 'void java.lang.invoke.DirectMethodHandle$Holder.invokeStaticInit(java.lang.Object)'> (0x000000008b91b900) 
thrown [s\src\hotspot\share\interpreter\linkResolver.cpp, line 773]
Event: 0.500 Thread 0x000001c99c320e60 Exception <a 'java/lang/NoSuchMethodError'{0x000000008bc0ecc8}: 'void java.lang.invoke.DirectMethodHandle$Holder.invokeVirtual(java.lang.Object, java.lang.Object)'> (0x000000008bc0ecc8) 
thrown [s\src\hotspot\share\interpreter\linkResolver.cpp, line 773]
Event: 0.506 Thread 0x000001c99c344b70 Exception <a 'java/lang/NoSuchMethodError'{0x000000008b951998}: 'void java.lang.invoke.DirectMethodHandle$Holder.invokeStatic(java.lang.Object, java.lang.Object, java.lang.Object)'> (0x000000008b951998) 
thrown [s\src\hotspot\share\interpreter\linkResolver.cpp, line 773]

ZGC Phase Switch (0 events):
No events

VM Operations (12 events):
Event: 0.298 Executing non-safepoint VM operation: HandshakeAllThreads (Deoptimize)
Event: 0.298 Executing non-safepoint VM operation: HandshakeAllThreads (Deoptimize) done
Event: 0.314 Executing non-safepoint VM operation: HandshakeAllThreads (Deoptimize)
Event: 0.314 Executing non-safepoint VM operation: HandshakeAllThreads (Deoptimize) done
Event: 0.346 Executing non-safepoint VM operation: HandshakeAllThreads (Deoptimize)
Event: 0.346 Executing non-safepoint VM operation: HandshakeAllThreads (Deoptimize) done
Event: 0.555 Executing non-safepoint VM operation: HandshakeAllThreads (Deoptimize)
Event: 0.555 Executing non-safepoint VM operation: HandshakeAllThreads (Deoptimize) done
Event: 1.569 Executing safepoint VM operation: Cleanup
Event: 1.569 Executing safepoint VM operation: Cleanup done
Event: 2.582 Executing safepoint VM operation: Cleanup
Event: 2.582 Executing safepoint VM operation: Cleanup done

Memory protections (0 events):
No events

Nmethod flushes (0 events):
No events

Events (19 events):
Event: 0.026 Thread 0x000001c981ed1220 Thread added: 0x000001c981ed1220
Event: 0.046 Thread 0x000001c981ed1220 Thread added: 0x000001c99bfe18e0
Event: 0.046 Thread 0x000001c981ed1220 Thread added: 0x000001c99bfe2340
Event: 0.046 Thread 0x000001c981ed1220 Thread added: 0x000001c99bfe9280
Event: 0.046 Thread 0x000001c981ed1220 Thread added: 0x000001c99bfedf10
Event: 0.046 Thread 0x000001c981ed1220 Thread added: 0x000001c99bff6590
Event: 0.046 Thread 0x000001c981ed1220 Thread added: 0x000001c99bff6c00
Event: 0.046 Thread 0x000001c981ed1220 Thread added: 0x000001c99bff9810
Event: 0.046 Thread 0x000001c981ed1220 Thread added: 0x000001c99bffc950
Event: 0.069 Thread 0x000001c981ed1220 Thread added: 0x000001c99c1571b0
Event: 0.073 Thread 0x000001c981ed1220 Thread added: 0x000001c99c15e620
Event: 0.223 Thread 0x000001c981ed1220 Thread added: 0x000001c99c3139b0
Event: 0.225 Thread 0x000001c981ed1220 Thread added: 0x000001c99c314a00
Event: 0.226 Thread 0x000001c981ed1220 Thread added: 0x000001c99c320e60
Event: 0.237 Thread 0x000001c981ed1220 Thread added: 0x000001c99c344b70
Event: 0.238 Thread 0x000001c981ed1220 Thread exited: 0x000001c981ed1220
Event: 0.238 Thread 0x000001c981ed1220 Thread added: 0x000001c981ed1220
Event: 0.420 Thread 0x000001c99c344b70 Thread added: 0x000001c9e20df4a0
Event: 0.508 Thread 0x000001c99c344b70 Thread added: 0x000001c9e218b450


Dynamic libraries:
0x00007ff639080000 - 0x00007ff63908e000 	C:\Users\camil\.p2\pool\plugins\org.eclipse.justj.openjdk.hotspot.jre.full.win32.x86_64_21.0.10.v20260205-0638\jre\bin\javaw.exe
0x00007ffb0f7a0000 - 0x00007ffb0fa06000 	C:\Windows\SYSTEM32\ntdll.dll
0x00007ffb0df80000 - 0x00007ffb0e049000 	C:\Windows\System32\KERNEL32.DLL
0x00007ffb0ca30000 - 0x00007ffb0ce2a000 	C:\Windows\System32\KERNELBASE.dll
0x00007ffb0d030000 - 0x00007ffb0d17c000 	C:\Windows\System32\ucrtbase.dll
0x00007ffad80a0000 - 0x00007ffad80b8000 	C:\Users\camil\.p2\pool\plugins\org.eclipse.justj.openjdk.hotspot.jre.full.win32.x86_64_21.0.10.v20260205-0638\jre\bin\jli.dll
0x00007ffae96e0000 - 0x00007ffae96fe000 	C:\Users\camil\.p2\pool\plugins\org.eclipse.justj.openjdk.hotspot.jre.full.win32.x86_64_21.0.10.v20260205-0638\jre\bin\VCRUNTIME140.dll
0x00007ffb0d510000 - 0x00007ffb0d6d7000 	C:\Windows\System32\USER32.dll
0x00007ffaef070000 - 0x00007ffaef302000 	C:\Windows\WinSxS\amd64_microsoft.windows.common-controls_6595b64144ccf1df_6.0.26100.8521_none_3e08b75ce33403b3\COMCTL32.dll
0x00007ffb0d360000 - 0x00007ffb0d387000 	C:\Windows\System32\win32u.dll
0x00007ffb0f4a0000 - 0x00007ffb0f549000 	C:\Windows\System32\msvcrt.dll
0x00007ffb0df50000 - 0x00007ffb0df7b000 	C:\Windows\System32\GDI32.dll
0x00007ffb0d230000 - 0x00007ffb0d35b000 	C:\Windows\System32\gdi32full.dll
0x00007ffb0ce30000 - 0x00007ffb0ced3000 	C:\Windows\System32\msvcp_win.dll
0x00007ffb0f670000 - 0x00007ffb0f6a2000 	C:\Windows\System32\IMM32.DLL
0x00007ffae95d0000 - 0x00007ffae95dc000 	C:\Users\camil\.p2\pool\plugins\org.eclipse.justj.openjdk.hotspot.jre.full.win32.x86_64_21.0.10.v20260205-0638\jre\bin\vcruntime140_1.dll
0x00007ffac4310000 - 0x00007ffac439d000 	C:\Users\camil\.p2\pool\plugins\org.eclipse.justj.openjdk.hotspot.jre.full.win32.x86_64_21.0.10.v20260205-0638\jre\bin\msvcp140.dll
0x00007ffa86b00000 - 0x00007ffa878a1000 	C:\Users\camil\.p2\pool\plugins\org.eclipse.justj.openjdk.hotspot.jre.full.win32.x86_64_21.0.10.v20260205-0638\jre\bin\server\jvm.dll
0x00007ffb0f550000 - 0x00007ffb0f606000 	C:\Windows\System32\ADVAPI32.dll
0x00007ffb0de80000 - 0x00007ffb0df2a000 	C:\Windows\System32\sechost.dll
0x00007ffb0eac0000 - 0x00007ffb0ebd8000 	C:\Windows\System32\RPCRT4.dll
0x00007ffb0eda0000 - 0x00007ffb0ee20000 	C:\Windows\System32\WS2_32.dll
0x00007ffb0c8b0000 - 0x00007ffb0c90e000 	C:\Windows\SYSTEM32\POWRPROF.dll
0x00007ffb017d0000 - 0x00007ffb01806000 	C:\Windows\SYSTEM32\WINMM.dll
0x00007ffb00c60000 - 0x00007ffb00c6b000 	C:\Windows\SYSTEM32\VERSION.dll
0x00007ffb0c890000 - 0x00007ffb0c8a4000 	C:\Windows\SYSTEM32\UMPDC.dll
0x00007ffb0b780000 - 0x00007ffb0b79b000 	C:\Windows\SYSTEM32\kernel.appcore.dll
0x00007ffb09400000 - 0x00007ffb0940a000 	C:\Users\camil\.p2\pool\plugins\org.eclipse.justj.openjdk.hotspot.jre.full.win32.x86_64_21.0.10.v20260205-0638\jre\bin\jimage.dll
0x00007ffb09fe0000 - 0x00007ffb0a222000 	C:\Windows\SYSTEM32\DBGHELP.DLL
0x00007ffb0e6e0000 - 0x00007ffb0ea63000 	C:\Windows\System32\combase.dll
0x00007ffb0ebe0000 - 0x00007ffb0ecb9000 	C:\Windows\System32\OLEAUT32.dll
0x00007ffae9540000 - 0x00007ffae957b000 	C:\Windows\SYSTEM32\dbgcore.DLL
0x00007ffb0d180000 - 0x00007ffb0d228000 	C:\Windows\System32\bcryptPrimitives.dll
0x00007ffaea060000 - 0x00007ffaea080000 	C:\Users\camil\.p2\pool\plugins\org.eclipse.justj.openjdk.hotspot.jre.full.win32.x86_64_21.0.10.v20260205-0638\jre\bin\java.dll
0x00007ffb0d6f0000 - 0x00007ffb0de74000 	C:\Windows\System32\SHELL32.dll
0x00007ffb0a5b0000 - 0x00007ffb0ae30000 	C:\Windows\SYSTEM32\windows.storage.dll
0x00007ffb0e150000 - 0x00007ffb0e246000 	C:\Windows\System32\SHCORE.dll
0x00007ffb0f6f0000 - 0x00007ffb0f757000 	C:\Windows\System32\shlwapi.dll
0x00007ffb0c950000 - 0x00007ffb0c979000 	C:\Windows\SYSTEM32\profapi.dll
0x00007ffae95e0000 - 0x00007ffae95f8000 	C:\Users\camil\.p2\pool\plugins\org.eclipse.justj.openjdk.hotspot.jre.full.win32.x86_64_21.0.10.v20260205-0638\jre\bin\zip.dll
0x00007ffad43c0000 - 0x00007ffad43e3000 	C:\Users\camil\eclipse-workspace\projetoPOO-CG\lib\motor.dll
0x00007ffab4ff0000 - 0x00007ffab50fc000 	C:\Windows\SYSTEM32\OPENGL32.dll
0x00007ffad27f0000 - 0x00007ffad281c000 	C:\msys64\ucrt64\bin\libgcc_s_seh-1.dll
0x00007ffaa6d60000 - 0x00007ffaa6fb0000 	C:\msys64\ucrt64\bin\libstdc++-6.dll
0x00007ffae41a0000 - 0x00007ffae41cd000 	C:\Windows\SYSTEM32\GLU32.dll
0x00007ffac4280000 - 0x00007ffac4302000 	C:\msys64\ucrt64\bin\glew32.dll
0x00007ffb09870000 - 0x00007ffb098b4000 	C:\Windows\SYSTEM32\dxcore.dll
0x00007ffad2fe0000 - 0x00007ffad2ff6000 	C:\msys64\ucrt64\bin\libwinpthread-1.dll
0x00007ffae91d0000 - 0x00007ffae91d7000 	C:\Users\camil\.p2\pool\plugins\org.eclipse.justj.openjdk.hotspot.jre.full.win32.x86_64_21.0.10.v20260205-0638\jre\bin\jawt.dll
0x00007ffab4e10000 - 0x00007ffab4f9f000 	C:\Users\camil\.p2\pool\plugins\org.eclipse.justj.openjdk.hotspot.jre.full.win32.x86_64_21.0.10.v20260205-0638\jre\bin\awt.dll
0x00007ffb09560000 - 0x00007ffb09600000 	C:\Windows\SYSTEM32\apphelp.dll
0x00007ffb0bf90000 - 0x00007ffb0bf9c000 	C:\Windows\SYSTEM32\CRYPTBASE.DLL
0x00007ffb09770000 - 0x00007ffb0981a000 	C:\Windows\system32\uxtheme.dll
0x00007ffb0e250000 - 0x00007ffb0e3ad000 	C:\Windows\System32\MSCTF.dll
0x00007ffb0e540000 - 0x00007ffb0e6d8000 	C:\Windows\System32\ole32.dll
0x00007ffb09a20000 - 0x00007ffb09a4f000 	C:\Windows\system32\DWMAPI.DLL
0x00007ffab61a0000 - 0x00007ffab6227000 	C:\Users\camil\.p2\pool\plugins\org.eclipse.justj.openjdk.hotspot.jre.full.win32.x86_64_21.0.10.v20260205-0638\jre\bin\freetype.dll
0x00007ffab4d10000 - 0x00007ffab4e02000 	C:\Users\camil\.p2\pool\plugins\org.eclipse.justj.openjdk.hotspot.jre.full.win32.x86_64_21.0.10.v20260205-0638\jre\bin\fontmanager.dll
0x00007ffaf9ae0000 - 0x00007ffaf9af0000 	C:\Users\camil\.p2\pool\plugins\org.eclipse.justj.openjdk.hotspot.jre.full.win32.x86_64_21.0.10.v20260205-0638\jre\bin\net.dll
0x00007ffb03240000 - 0x00007ffb03369000 	C:\Windows\SYSTEM32\WINHTTP.dll
0x00007ffb0bce0000 - 0x00007ffb0bd4c000 	C:\Windows\system32\mswsock.dll
0x00007ffae9220000 - 0x00007ffae9236000 	C:\Users\camil\.p2\pool\plugins\org.eclipse.justj.openjdk.hotspot.jre.full.win32.x86_64_21.0.10.v20260205-0638\jre\bin\nio.dll
0x00007ffb0ece0000 - 0x00007ffb0ed8e000 	C:\Windows\System32\clbcatq.dll
0x00007ffb078d0000 - 0x00007ffb07afc000 	C:\Windows\SYSTEM32\WindowsCodecs.dll
0x00007ffae6dd0000 - 0x00007ffae6e2c000 	C:\Windows\system32\dataexchange.dll
0x00007ffaf8580000 - 0x00007ffaf87cf000 	C:\Windows\system32\twinapi.appcore.dll
0x00007ffade990000 - 0x00007ffadead8000 	C:\Windows\SYSTEM32\textinputframework.dll
0x00007ffb04320000 - 0x00007ffb0437f000 	C:\Windows\SYSTEM32\directxdatabasehelper.dll
0x00007ffaf6f80000 - 0x00007ffaf6f9d000 	C:\Windows\SYSTEM32\windows.staterepositorycore.dll
0x00007ffa64fc0000 - 0x00007ffa6642c000 	C:\Windows\System32\DriverStore\FileRepository\iigd_dch.inf_amd64_a86ee49679732a31\igxelpicd64.dll
0x00007ffae90c0000 - 0x00007ffae90e5000 	C:\Windows\SYSTEM32\d3d12.dll
0x00007ffb098c0000 - 0x00007ffb099fa000 	C:\Windows\SYSTEM32\dxgi.dll
0x00007ffab0d90000 - 0x00007ffab0f31000 	C:\Windows\System32\DriverStore\FileRepository\iigd_dch.inf_amd64_a86ee49679732a31\igdml64.dll
0x00007ffb0c5a0000 - 0x00007ffb0c5f1000 	C:\Windows\SYSTEM32\cfgmgr32.dll
0x00007ffb00cd0000 - 0x00007ffb0127b000 	C:\Windows\System32\DriverStore\FileRepository\iigd_dch.inf_amd64_a86ee49679732a31\igdgmm64.dll
0x00007ffb09140000 - 0x00007ffb09265000 	C:\Windows\SYSTEM32\CoreMessaging.dll
0x00007ffb038b0000 - 0x00007ffb03b94000 	C:\Windows\SYSTEM32\CoreUIComponents.dll
0x00007ffb036a0000 - 0x00007ffb0380a000 	C:\Windows\SYSTEM32\wintypes.dll
0x00007ffafb840000 - 0x00007ffb00af4000 	C:\Windows\System32\DriverStore\FileRepository\iigd_dch.inf_amd64_a86ee49679732a31\igc64.dll

JVMTI agents: none

dbghelp: loaded successfully - version: 4.0.5 - missing functions: none
symbol engine: initialized successfully - sym options: 0x614 - pdb path: .;C:\Users\camil\.p2\pool\plugins\org.eclipse.justj.openjdk.hotspot.jre.full.win32.x86_64_21.0.10.v20260205-0638\jre\bin;C:\Windows\SYSTEM32;C:\Windows\WinSxS\amd64_microsoft.windows.common-controls_6595b64144ccf1df_6.0.26100.8521_none_3e08b75ce33403b3;C:\Users\camil\.p2\pool\plugins\org.eclipse.justj.openjdk.hotspot.jre.full.win32.x86_64_21.0.10.v20260205-0638\jre\bin\server;C:\Users\camil\eclipse-workspace\projetoPOO-CG\lib;C:\msys64\ucrt64\bin;C:\Windows\System32\DriverStore\FileRepository\iigd_dch.inf_amd64_a86ee49679732a31

VM Arguments:
jvm_args: -Djava.library.path=lib -Dfile.encoding=UTF-8 -Dstdout.encoding=UTF-8 -Dstderr.encoding=UTF-8 -XX:+ShowCodeDetailsInExceptionMessages 
java_command: view.Main
java_class_path (initial): C:\Users\camil\eclipse-workspace\projetoPOO-CG\bin
Launcher Type: SUN_STANDARD

[Global flags]
     intx CICompilerCount                          = 4                                         {product} {ergonomic}
     uint ConcGCThreads                            = 2                                         {product} {ergonomic}
     uint G1ConcRefinementThreads                  = 8                                         {product} {ergonomic}
   size_t G1HeapRegionSize                         = 1048576                                   {product} {ergonomic}
    uintx GCDrainStackTargetSize                   = 64                                        {product} {ergonomic}
   size_t InitialHeapSize                          = 130023424                                 {product} {ergonomic}
   size_t MarkStackSize                            = 4194304                                   {product} {ergonomic}
   size_t MaxHeapSize                              = 2076180480                                {product} {ergonomic}
   size_t MaxNewSize                               = 1245708288                                {product} {ergonomic}
   size_t MinHeapDeltaBytes                        = 1048576                                   {product} {ergonomic}
   size_t MinHeapSize                              = 8388608                                   {product} {ergonomic}
    uintx NonNMethodCodeHeapSize                   = 5839372                                {pd product} {ergonomic}
    uintx NonProfiledCodeHeapSize                  = 122909434                              {pd product} {ergonomic}
    uintx ProfiledCodeHeapSize                     = 122909434                              {pd product} {ergonomic}
    uintx ReservedCodeCacheSize                    = 251658240                              {pd product} {ergonomic}
     bool SegmentedCodeCache                       = true                                      {product} {ergonomic}
     bool ShowCodeDetailsInExceptionMessages       = true                                   {manageable} {command line}
   size_t SoftMaxHeapSize                          = 2076180480                             {manageable} {ergonomic}
     bool UseCompressedOops                        = true                           {product lp64_product} {ergonomic}
     bool UseG1GC                                  = true                                      {product} {ergonomic}
     bool UseLargePagesIndividualAllocation        = false                                  {pd product} {ergonomic}

Logging:
Log output configuration:
 #0: stdout all=warning uptime,level,tags foldmultilines=false
 #1: stderr all=off uptime,level,tags foldmultilines=false

Release file:
JAVA_VERSION="21.0.10" 
MODULES="java.base java.compiler java.datatransfer java.xml java.prefs java.desktop java.instrument java.logging java.management java.security.sasl java.naming java.rmi java.management.rmi java.net.http java.scripting java.security.jgss java.transaction.xa java.sql java.sql.rowset java.xml.crypto java.se java.smartcardio jdk.accessibility jdk.internal.jvmstat jdk.attach jdk.charsets jdk.internal.opt jdk.zipfs jdk.compiler jdk.crypto.ec jdk.crypto.cryptoki jdk.crypto.mscapi jdk.dynalink jdk.internal.ed jdk.editpad jdk.hotspot.agent jdk.httpserver jdk.internal.le jdk.internal.vm.ci jdk.internal.vm.compiler jdk.internal.vm.compiler.management jdk.jartool jdk.javadoc jdk.jcmd jdk.management jdk.management.agent jdk.jconsole jdk.jdeps jdk.jdwp.agent jdk.jdi jdk.jfr jdk.jshell jdk.jsobject jdk.jstatd jdk.localedata jdk.management.jfr jdk.naming.dns jdk.naming.rmi jdk.net jdk.nio.mapmode jdk.random jdk.sctp jdk.security.auth jdk.security.jgss jdk.unsupported jdk.unsupported.desktop jdk.xml.dom" 

Environment Variables:
JAVA_HOME=C:\Program Files\Eclipse Adoptium\jdk-21.0.11.10-hotspot
PATH=C:/Users/camil/.p2/pool/plugins/org.eclipse.justj.openjdk.hotspot.jre.full.win32.x86_64_21.0.10.v20260205-0638/jre/bin/server;C:/Users/camil/.p2/pool/plugins/org.eclipse.justj.openjdk.hotspot.jre.full.win32.x86_64_21.0.10.v20260205-0638/jre/bin;C:\Program Files\Eclipse Adoptium\jdk-21.0.11.10-hotspot\bin;C:\Windows\system32;C:\Windows;C:\Windows\System32\Wbem;C:\Windows\System32\WindowsPowerShell\v1.0\;C:\msys64\ucrt64\bin;C:\Program Files\Git\cmd;C:\Program Files\nodejs\;C:\Users\camil\AppData\Local\Microsoft\WindowsApps;C:\Users\camil\AppData\Local\Programs\Microsoft VS Code\bin;C:\MinGW;C:\Users\camil\AppData\Roaming\npm;C:\Windows\System32;
USERNAME=camil
OS=Windows_NT
PROCESSOR_IDENTIFIER=Intel64 Family 6 Model 154 Stepping 4, GenuineIntel
TMP=C:\Users\camil\AppData\Local\Temp
TEMP=C:\Users\camil\AppData\Local\Temp




Periodic native trim disabled

---------------  S Y S T E M  ---------------

OS:
 Windows 11 , 64 bit Build 26100 (10.0.26100.8521)
OS uptime: 19 days 10:45 hours
Hyper-V role detected

CPU: total 8 (initial active 8) (4 cores per cpu, 2 threads per core) family 6 model 154 stepping 4 microcode 0x435, cx8, cmov, fxsr, ht, mmx, 3dnowpref, sse, sse2, sse3, ssse3, sse4.1, sse4.2, popcnt, lzcnt, tsc, tscinvbit, avx, avx2, aes, erms, clmul, bmi1, bmi2, adx, sha, fma, vzeroupper, clflush, clflushopt, clwb, hv, serialize, rdtscp, rdpid, fsrm, f16c, cet_ibt, cet_ss
Processor Information for processor 0
  Max Mhz: 1200, Current Mhz: 1200, Mhz Limit: 1200
Processor Information for processor 1
  Max Mhz: 1200, Current Mhz: 1200, Mhz Limit: 1200
Processor Information for processor 2
  Max Mhz: 1200, Current Mhz: 1200, Mhz Limit: 1200
Processor Information for processor 3
  Max Mhz: 1200, Current Mhz: 1200, Mhz Limit: 1200
Processor Information for processor 4
  Max Mhz: 900, Current Mhz: 900, Mhz Limit: 900
Processor Information for processor 5
  Max Mhz: 900, Current Mhz: 900, Mhz Limit: 900
Processor Information for processor 6
  Max Mhz: 900, Current Mhz: 900, Mhz Limit: 900
Processor Information for processor 7
  Max Mhz: 900, Current Mhz: 900, Mhz Limit: 900

Memory: 4k page, system-wide physical 7916M (1164M free)
TotalPageFile size 15058M (AvailPageFile size 3951M)
current process WorkingSet (physical memory assigned to process): 135M, peak: 135M
current process commit charge ("private bytes"): 256M, peak: 257M

vm_info: OpenJDK 64-Bit Server VM (21.0.10+7-LTS) for windows-amd64 JRE (21.0.10+7-LTS), built on 2026-01-20T00:00:00Z by "admin" with MS VC++ 17.12 (VS2022)

END.
